"EventType","InsertText","DeleteText","SourceLocation","ClientTimestamp","CodeStateSection","ToolInstances","EditType","X-Metadata","CodeStateID","X-Compilable","EventID","SubjectID","AssignmentID"
"X-Action","ShowYourWork Init","","","1699419313913",,"1.1.5 for 2021-2022 @t1",,"Init",,,,,
"X-Action","Enter",,,"1699419322130","main.py","1.1.5 for 2021-2022 @t1",,"Enter",,,,,
"File.Edit","print(""Welcome Jarron"")
","","0","1699419322163","main.py","1.1.5 for 2021-2022 @t1","Insert",,,,,,
"X-Action","Enter",,,"1699419339322","main.py","1.1.5 for 2021-2022 @t1",,"Enter",,,,,
"File.Edit","
","","24","1699419339332","main.py","1.1.5 for 2021-2022 @t1","Insert",,,,,,
"File.Edit","P","","25","1699419342282","main.py","1.1.5 for 2021-2022 @t1","Insert",,,,,,
"X-Keystroke","P",,"26","1699419342285","main.py","1.1.5 for 2021-2022 @t1",,"P",,,,,
"X-Keystroke","P",,"26","1699419342284","main.py","1.1.5 for 2021-2022 @t1",,"P",,,,,
"X-Keystroke","r",,"27","1699419342551","main.py","1.1.5 for 2021-2022 @t1",,"r",,,,,
"X-Keystroke","i",,"28","1699419342836","main.py","1.1.5 for 2021-2022 @t1",,"i",,,,,
"X-Keystroke","n",,"29","1699419342922","main.py","1.1.5 for 2021-2022 @t1",,"n",,,,,
"X-Keystroke","t",,"30","1699419343046","main.py","1.1.5 for 2021-2022 @t1",,"t",,,,,
"X-Keystroke","(",,"31","1699419344460","main.py","1.1.5 for 2021-2022 @t1",,"(",,,,,
"X-Keystroke","P",,"26","1699419342284","main.py","1.1.5 for 2021-2022 @t1",,"P",,,,,
"X-Keystroke","r",,"27","1699419342551","main.py","1.1.5 for 2021-2022 @t1",,"r",,,,,
"X-Keystroke","i",,"28","1699419342836","main.py","1.1.5 for 2021-2022 @t1",,"i",,,,,
"X-Keystroke","n",,"29","1699419342922","main.py","1.1.5 for 2021-2022 @t1",,"n",,,,,
"X-Keystroke","t",,"30","1699419343046","main.py","1.1.5 for 2021-2022 @t1",,"t",,,,,
"X-Keystroke","(",,"31","1699419344461","main.py","1.1.5 for 2021-2022 @t1",,"(",,,,,
"File.Edit","r","","26","1699419342550","main.py","1.1.5 for 2021-2022 @t1","Insert",,,,,,
"X-Keystroke","r",,"27","1699419342551","main.py","1.1.5 for 2021-2022 @t1",,"r",,,,,
"File.Edit","i","","27","1699419342819","main.py","1.1.5 for 2021-2022 @t1","Insert",,,,,,
"X-Keystroke","i",,"28","1699419342836","main.py","1.1.5 for 2021-2022 @t1",,"i",,,,,
"File.Edit","n","","28","1699419342921","main.py","1.1.5 for 2021-2022 @t1","Insert",,,,,,
"X-Keystroke","n",,"29","1699419342922","main.py","1.1.5 for 2021-2022 @t1",,"n",,,,,
"File.Edit","t","","29","1699419343044","main.py","1.1.5 for 2021-2022 @t1","Insert",,,,,,
"X-Keystroke","t",,"30","1699419343046","main.py","1.1.5 for 2021-2022 @t1",,"t",,,,,
"File.Edit","(","","30","1699419344458","main.py","1.1.5 for 2021-2022 @t1","Insert",,,,,,
"File.Edit",")","","31","1699419344460","main.py","1.1.5 for 2021-2022 @t1","Insert",,,,,,
"X-Keystroke","(",,"31","1699419344461","main.py","1.1.5 for 2021-2022 @t1",,"(",,,,,
"X-Keystroke","""",,"32","1699419345931","main.py","1.1.5 for 2021-2022 @t1",,"""",,,,,
"File.Edit","""","","31","1699419345929","main.py","1.1.5 for 2021-2022 @t1","Insert",,,,,,
"File.Edit","""","","32","1699419345931","main.py","1.1.5 for 2021-2022 @t1","Insert",,,,,,
"X-Keystroke","""",,"32","1699419345932","main.py","1.1.5 for 2021-2022 @t1",,"""",,,,,
"X-Action","Backspace",,,"1699419347210","main.py","1.1.5 for 2021-2022 @t1",,"Backspace",,,,,
"File.Edit","","""","32","1699419347212","main.py","1.1.5 for 2021-2022 @t1","Delete",,,,,,
"File.Edit","","""","31","1699419347214","main.py","1.1.5 for 2021-2022 @t1","Delete",,,,,,
"X-Action","Backspace",,,"1699419347622","main.py","1.1.5 for 2021-2022 @t1",,"Backspace",,,,,
"File.Edit","","(","30","1699419347624","main.py","1.1.5 for 2021-2022 @t1","Delete",,,,,,
"File.Edit","",")","30","1699419347625","main.py","1.1.5 for 2021-2022 @t1","Delete",,,,,,
"X-Action","Backspace",,,"1699419347766","main.py","1.1.5 for 2021-2022 @t1",,"Backspace",,,,,
"File.Edit","","t","29","1699419347768","main.py","1.1.5 for 2021-2022 @t1","Delete",,,,,,
"X-Action","Backspace",,,"1699419347940","main.py","1.1.5 for 2021-2022 @t1",,"Backspace",,,,,
"File.Edit","","n","28","1699419347942","main.py","1.1.5 for 2021-2022 @t1","Delete",,,,,,
"X-Action","Backspace",,,"1699419348140","main.py","1.1.5 for 2021-2022 @t1",,"Backspace",,,,,
"File.Edit","","i","27","1699419348141","main.py","1.1.5 for 2021-2022 @t1","Delete",,,,,,
"X-Keystroke","""",,"32","1699419345932","main.py","1.1.5 for 2021-2022 @t1",,"""",,,,,
"X-Keystroke","i",,"28","1699419349056","main.py","1.1.5 for 2021-2022 @t1",,"i",,,,,
"X-Keystroke","n",,"29","1699419349237","main.py","1.1.5 for 2021-2022 @t1",,"n",,,,,
"X-Keystroke","t",,"30","1699419349280","main.py","1.1.5 for 2021-2022 @t1",,"t",,,,,
"X-Keystroke","p",,"26","1699419350936","main.py","1.1.5 for 2021-2022 @t1",,"p",,,,,
"X-Keystroke","r",,"27","1699419351035","main.py","1.1.5 for 2021-2022 @t1",,"r",,,,,
"X-Keystroke","i",,"28","1699419351188","main.py","1.1.5 for 2021-2022 @t1",,"i",,,,,
"X-Keystroke","n",,"29","1699419351298","main.py","1.1.5 for 2021-2022 @t1",,"n",,,,,
"X-Keystroke","t",,"30","1699419351383","main.py","1.1.5 for 2021-2022 @t1",,"t",,,,,
"X-Keystroke","i",,"28","1699419349057","main.py","1.1.5 for 2021-2022 @t1",,"i",,,,,
"X-Keystroke","n",,"29","1699419349237","main.py","1.1.5 for 2021-2022 @t1",,"n",,,,,
"X-Keystroke","t",,"30","1699419349280","main.py","1.1.5 for 2021-2022 @t1",,"t",,,,,
"X-Keystroke","p",,"26","1699419350936","main.py","1.1.5 for 2021-2022 @t1",,"p",,,,,
"X-Keystroke","r",,"27","1699419351035","main.py","1.1.5 for 2021-2022 @t1",,"r",,,,,
"X-Keystroke","i",,"28","1699419351188","main.py","1.1.5 for 2021-2022 @t1",,"i",,,,,
"X-Keystroke","n",,"29","1699419351298","main.py","1.1.5 for 2021-2022 @t1",,"n",,,,,
"X-Keystroke","t",,"30","1699419351383","main.py","1.1.5 for 2021-2022 @t1",,"t",,,,,
"File.Edit","i","","27","1699419349055","main.py","1.1.5 for 2021-2022 @t1","Insert",,,,,,
"X-Keystroke","i",,"28","1699419349057","main.py","1.1.5 for 2021-2022 @t1",,"i",,,,,
"File.Edit","n","","28","1699419349223","main.py","1.1.5 for 2021-2022 @t1","Insert",,,,,,
"X-Keystroke","n",,"29","1699419349237","main.py","1.1.5 for 2021-2022 @t1",,"n",,,,,
"File.Edit","t","","29","1699419349279","main.py","1.1.5 for 2021-2022 @t1","Insert",,,,,,
"X-Keystroke","t",,"30","1699419349280","main.py","1.1.5 for 2021-2022 @t1",,"t",,,,,
"X-Action","Backspace",,,"1699419349516","main.py","1.1.5 for 2021-2022 @t1",,"Backspace",,,,,
"File.Edit","","t","29","1699419349518","main.py","1.1.5 for 2021-2022 @t1","Delete",,,,,,
"X-Action","Backspace",,,"1699419350113","main.py","1.1.5 for 2021-2022 @t1",,"Backspace",,,,,
"File.Edit","","n","28","1699419350115","main.py","1.1.5 for 2021-2022 @t1","Delete",,,,,,
"X-Action","Backspace",,,"1699419350142","main.py","1.1.5 for 2021-2022 @t1",,"Backspace",,,,,
"File.Edit","","i","27","1699419350143","main.py","1.1.5 for 2021-2022 @t1","Delete",,,,,,
"X-Action","Backspace",,,"1699419350172","main.py","1.1.5 for 2021-2022 @t1",,"Backspace",,,,,
"File.Edit","","r","26","1699419350173","main.py","1.1.5 for 2021-2022 @t1","Delete",,,,,,
"X-Action","Backspace",,,"1699419350202","main.py","1.1.5 for 2021-2022 @t1",,"Backspace",,,,,
"File.Edit","","P","25","1699419350203","main.py","1.1.5 for 2021-2022 @t1","Delete",,,,,,
"File.Edit","p","","25","1699419350933","main.py","1.1.5 for 2021-2022 @t1","Insert",,,,,,
"X-Keystroke","p",,"26","1699419350936","main.py","1.1.5 for 2021-2022 @t1",,"p",,,,,
"File.Edit","r","","26","1699419351034","main.py","1.1.5 for 2021-2022 @t1","Insert",,,,,,
"X-Keystroke","r",,"27","1699419351035","main.py","1.1.5 for 2021-2022 @t1",,"r",,,,,
"File.Edit","i","","27","1699419351178","main.py","1.1.5 for 2021-2022 @t1","Insert",,,,,,
"X-Keystroke","i",,"28","1699419351188","main.py","1.1.5 for 2021-2022 @t1",,"i",,,,,
"File.Edit","n","","28","1699419351291","main.py","1.1.5 for 2021-2022 @t1","Insert",,,,,,
"X-Keystroke","n",,"29","1699419351298","main.py","1.1.5 for 2021-2022 @t1",,"n",,,,,
"File.Edit","t","","29","1699419351376","main.py","1.1.5 for 2021-2022 @t1","Insert",,,,,,
"X-Keystroke","t",,"30","1699419351383","main.py","1.1.5 for 2021-2022 @t1",,"t",,,,,
"X-Action","Choose Lookup Item",,,"1699419351897","main.py","1.1.5 for 2021-2022 @t1",,"Choose Lookup Item",,,,,
"File.Edit","(","","30","1699419351932","main.py","1.1.5 for 2021-2022 @t1","Insert",,,,,,
"File.Edit",")","","31","1699419351933","main.py","1.1.5 for 2021-2022 @t1","Insert",,,,,,
"X-Keystroke","|",,"32","1699419358719","main.py","1.1.5 for 2021-2022 @t1",,"|",,,,,
"X-Keystroke"," ",,"33","1699419359463","main.py","1.1.5 for 2021-2022 @t1",," ",,,,,
"X-Keystroke"," ",,"34","1699419360348","main.py","1.1.5 for 2021-2022 @t1",," ",,,,,
"X-Keystroke"," ",,"35","1699419360691","main.py","1.1.5 for 2021-2022 @t1",," ",,,,,
"X-Keystroke","|",,"36","1699419361330","main.py","1.1.5 for 2021-2022 @t1",,"|",,,,,
"File.Edit","|","","31","1699419358716","main.py","1.1.5 for 2021-2022 @t1","Insert",,,,,,
"X-Keystroke","|",,"32","1699419358719","main.py","1.1.5 for 2021-2022 @t1",,"|",,,,,
"File.Edit"," ","","32","1699419359461","main.py","1.1.5 for 2021-2022 @t1","Insert",,,,,,
"X-Keystroke"," ",,"33","1699419359463","main.py","1.1.5 for 2021-2022 @t1",," ",,,,,
"File.Edit"," ","","32","1699419360346","main.py","1.1.5 for 2021-2022 @t1","Insert",,,,,,
"X-Keystroke"," ",,"34","1699419360348","main.py","1.1.5 for 2021-2022 @t1",," ",,,,,
"File.Edit"," ","","34","1699419360690","main.py","1.1.5 for 2021-2022 @t1","Insert",,,,,,
"X-Keystroke"," ",,"35","1699419360691","main.py","1.1.5 for 2021-2022 @t1",," ",,,,,
"File.Edit","|","","35","1699419361330","main.py","1.1.5 for 2021-2022 @t1","Insert",,,,,,
"X-Keystroke","|",,"36","1699419361330","main.py","1.1.5 for 2021-2022 @t1",,"|",,,,,
"X-Keystroke","|",,"32","1699419358719","main.py","1.1.5 for 2021-2022 @t1",,"|",,,,,
"X-Keystroke"," ",,"33","1699419359463","main.py","1.1.5 for 2021-2022 @t1",," ",,,,,
"X-Keystroke"," ",,"34","1699419360348","main.py","1.1.5 for 2021-2022 @t1",," ",,,,,
"X-Keystroke"," ",,"35","1699419360691","main.py","1.1.5 for 2021-2022 @t1",," ",,,,,
"X-Keystroke","|",,"36","1699419361330","main.py","1.1.5 for 2021-2022 @t1",,"|",,,,,
"File.Edit"," ","","36","1699419362050","main.py","1.1.5 for 2021-2022 @t1","Insert",,,,,,
"X-Keystroke"," ",,"37","1699419362052","main.py","1.1.5 for 2021-2022 @t1",," ",,,,,
"File.Edit"," ","","36","1699419362841","main.py","1.1.5 for 2021-2022 @t1","Insert",,,,,,
"X-Keystroke"," ",,"38","1699419362842","main.py","1.1.5 for 2021-2022 @t1",," ",,,,,
"File.Edit","_","","38","1699419364565","main.py","1.1.5 for 2021-2022 @t1","Insert",,,,,,
"X-Keystroke","_",,"39","1699419364567","main.py","1.1.5 for 2021-2022 @t1",,"_",,,,,
"File.Edit","_","","38","1699419364819","main.py","1.1.5 for 2021-2022 @t1","Insert",,,,,,
"X-Keystroke","_",,"40","1699419364827","main.py","1.1.5 for 2021-2022 @t1",,"_",,,,,
"X-Keystroke"," ",,"37","1699419362052","main.py","1.1.5 for 2021-2022 @t1",," ",,,,,
"X-Keystroke"," ",,"38","1699419362842","main.py","1.1.5 for 2021-2022 @t1",," ",,,,,
"X-Keystroke","_",,"39","1699419364567","main.py","1.1.5 for 2021-2022 @t1",,"_",,,,,
"X-Keystroke","_",,"40","1699419364827","main.py","1.1.5 for 2021-2022 @t1",,"_",,,,,
"X-Keystroke"," ",,"37","1699419362052","main.py","1.1.5 for 2021-2022 @t1",," ",,,,,
"X-Keystroke"," ",,"38","1699419362842","main.py","1.1.5 for 2021-2022 @t1",," ",,,,,
"X-Keystroke","_",,"39","1699419364567","main.py","1.1.5 for 2021-2022 @t1",,"_",,,,,
"X-Keystroke","_",,"40","1699419364827","main.py","1.1.5 for 2021-2022 @t1",,"_",,,,,
"File.Edit","_","","40","1699419365152","main.py","1.1.5 for 2021-2022 @t1","Insert",,,,,,
"X-Keystroke","_",,"41","1699419365160","main.py","1.1.5 for 2021-2022 @t1",,"_",,,,,
"X-Keystroke","_",,"41","1699419365160","main.py","1.1.5 for 2021-2022 @t1",,"_",,,,,
"X-Keystroke","_",,"41","1699419365160","main.py","1.1.5 for 2021-2022 @t1",,"_",,,,,
"File.Edit","""","","31","1699419368786","main.py","1.1.5 for 2021-2022 @t1","Insert",,,,,,
"File.Edit","""","","32","1699419368788","main.py","1.1.5 for 2021-2022 @t1","Insert",,,,,,
"X-Keystroke","""",,"32","1699419368788","main.py","1.1.5 for 2021-2022 @t1",,"""",,,,,
"X-Action","Delete",,,"1699419370112","main.py","1.1.5 for 2021-2022 @t1",,"Delete",,,,,
"File.Edit","","""","32","1699419370125","main.py","1.1.5 for 2021-2022 @t1","Delete",,,,,,
"X-Keystroke","""",,"32","1699419368788","main.py","1.1.5 for 2021-2022 @t1",,"""",,,,,
"X-Keystroke","""",,"32","1699419368788","main.py","1.1.5 for 2021-2022 @t1",,"""",,,,,
"X-Keystroke","""",,"43","1699419372646","main.py","1.1.5 for 2021-2022 @t1",,"""",,,,,
"File.Edit","""","","42","1699419372645","main.py","1.1.5 for 2021-2022 @t1","Insert",,,,,,
"X-Keystroke","""",,"43","1699419372646","main.py","1.1.5 for 2021-2022 @t1",,"""",,,,,
"X-Action","Left",,,"1699419374711","main.py","1.1.5 for 2021-2022 @t1",,"Left",,,,,
"X-Keystroke","""",,"43","1699419372646","main.py","1.1.5 for 2021-2022 @t1",,"""",,,,,
"File.Edit"," ","","42","1699419375691","main.py","1.1.5 for 2021-2022 @t1","Insert",,,,,,
"X-Keystroke"," ",,"43","1699419375693","main.py","1.1.5 for 2021-2022 @t1",," ",,,,,
"File.Edit"," ","","42","1699419376487","main.py","1.1.5 for 2021-2022 @t1","Insert",,,,,,
"X-Keystroke"," ",,"44","1699419376489","main.py","1.1.5 for 2021-2022 @t1",," ",,,,,
"File.Edit"," ","","44","1699419377511","main.py","1.1.5 for 2021-2022 @t1","Insert",,,,,,
"X-Keystroke"," ",,"45","1699419377512","main.py","1.1.5 for 2021-2022 @t1",," ",,,,,
"X-Keystroke"," ",,"43","1699419375693","main.py","1.1.5 for 2021-2022 @t1",," ",,,,,
"X-Keystroke"," ",,"44","1699419376489","main.py","1.1.5 for 2021-2022 @t1",," ",,,,,
"X-Keystroke"," ",,"45","1699419377512","main.py","1.1.5 for 2021-2022 @t1",," ",,,,,
"X-Keystroke"," ",,"43","1699419375693","main.py","1.1.5 for 2021-2022 @t1",," ",,,,,
"X-Keystroke"," ",,"44","1699419376489","main.py","1.1.5 for 2021-2022 @t1",," ",,,,,
"X-Keystroke"," ",,"45","1699419377512","main.py","1.1.5 for 2021-2022 @t1",," ",,,,,
"File.Edit","_","","45","1699419379812","main.py","1.1.5 for 2021-2022 @t1","Insert",,,,,,
"X-Keystroke","_",,"46","1699419379813","main.py","1.1.5 for 2021-2022 @t1",,"_",,,,,
"File.Edit","_","","45","1699419379996","main.py","1.1.5 for 2021-2022 @t1","Insert",,,,,,
"X-Keystroke","_",,"47","1699419379997","main.py","1.1.5 for 2021-2022 @t1",,"_",,,,,
"File.Edit","_","","47","1699419380225","main.py","1.1.5 for 2021-2022 @t1","Insert",,,,,,
"X-Keystroke","_",,"48","1699419380226","main.py","1.1.5 for 2021-2022 @t1",,"_",,,,,
"File.Edit"," ","","48","1699419381001","main.py","1.1.5 for 2021-2022 @t1","Insert",,,,,,
"X-Keystroke"," ",,"49","1699419381002","main.py","1.1.5 for 2021-2022 @t1",," ",,,,,
"File.Edit"," ","","48","1699419381215","main.py","1.1.5 for 2021-2022 @t1","Insert",,,,,,
"X-Keystroke"," ",,"50","1699419381216","main.py","1.1.5 for 2021-2022 @t1",," ",,,,,
"File.Edit"," ","","50","1699419381533","main.py","1.1.5 for 2021-2022 @t1","Insert",,,,,,
"X-Keystroke"," ",,"51","1699419381534","main.py","1.1.5 for 2021-2022 @t1",," ",,,,,
"X-Keystroke","_",,"46","1699419379813","main.py","1.1.5 for 2021-2022 @t1",,"_",,,,,
"X-Keystroke","_",,"47","1699419379997","main.py","1.1.5 for 2021-2022 @t1",,"_",,,,,
"X-Keystroke","_",,"48","1699419380226","main.py","1.1.5 for 2021-2022 @t1",,"_",,,,,
"X-Keystroke"," ",,"49","1699419381002","main.py","1.1.5 for 2021-2022 @t1",," ",,,,,
"X-Keystroke"," ",,"50","1699419381216","main.py","1.1.5 for 2021-2022 @t1",," ",,,,,
"X-Keystroke"," ",,"51","1699419381534","main.py","1.1.5 for 2021-2022 @t1",," ",,,,,
"X-Keystroke","_",,"46","1699419379813","main.py","1.1.5 for 2021-2022 @t1",,"_",,,,,
"X-Keystroke","_",,"47","1699419379997","main.py","1.1.5 for 2021-2022 @t1",,"_",,,,,
"X-Keystroke","_",,"48","1699419380226","main.py","1.1.5 for 2021-2022 @t1",,"_",,,,,
"X-Keystroke"," ",,"49","1699419381002","main.py","1.1.5 for 2021-2022 @t1",," ",,,,,
"X-Keystroke"," ",,"50","1699419381216","main.py","1.1.5 for 2021-2022 @t1",," ",,,,,
"X-Keystroke"," ",,"51","1699419381534","main.py","1.1.5 for 2021-2022 @t1",," ",,,,,
"File.Edit","_","","51","1699419382858","main.py","1.1.5 for 2021-2022 @t1","Insert",,,,,,
"X-Keystroke","_",,"52","1699419382860","main.py","1.1.5 for 2021-2022 @t1",,"_",,,,,
"File.Edit","_","","51","1699419383149","main.py","1.1.5 for 2021-2022 @t1","Insert",,,,,,
"X-Keystroke","_",,"53","1699419383150","main.py","1.1.5 for 2021-2022 @t1",,"_",,,,,
"File.Edit","_","","53","1699419383600","main.py","1.1.5 for 2021-2022 @t1","Insert",,,,,,
"X-Keystroke","_",,"54","1699419383601","main.py","1.1.5 for 2021-2022 @t1",,"_",,,,,
"File.Edit","_","","54","1699419385811","main.py","1.1.5 for 2021-2022 @t1","Insert",,,,,,
"X-Keystroke","_",,"55","1699419385813","main.py","1.1.5 for 2021-2022 @t1",,"_",,,,,
"X-Keystroke","_",,"52","1699419382860","main.py","1.1.5 for 2021-2022 @t1",,"_",,,,,
"X-Keystroke","_",,"53","1699419383149","main.py","1.1.5 for 2021-2022 @t1",,"_",,,,,
"X-Keystroke","_",,"54","1699419383601","main.py","1.1.5 for 2021-2022 @t1",,"_",,,,,
"X-Keystroke","_",,"55","1699419385813","main.py","1.1.5 for 2021-2022 @t1",,"_",,,,,
"X-Keystroke","_",,"52","1699419382860","main.py","1.1.5 for 2021-2022 @t1",,"_",,,,,
"X-Keystroke","_",,"53","1699419383149","main.py","1.1.5 for 2021-2022 @t1",,"_",,,,,
"X-Keystroke","_",,"54","1699419383601","main.py","1.1.5 for 2021-2022 @t1",,"_",,,,,
"X-Keystroke","_",,"55","1699419385813","main.py","1.1.5 for 2021-2022 @t1",,"_",,,,,
"File.Edit"," ","","55","1699419389112","main.py","1.1.5 for 2021-2022 @t1","Insert",,,,,,
"X-Keystroke"," ",,"56","1699419389114","main.py","1.1.5 for 2021-2022 @t1",," ",,,,,
"File.Edit"," ","","55","1699419390188","main.py","1.1.5 for 2021-2022 @t1","Insert",,,,,,
"X-Keystroke"," ",,"57","1699419390189","main.py","1.1.5 for 2021-2022 @t1",," ",,,,,
"File.Edit"," ","","57","1699419390595","main.py","1.1.5 for 2021-2022 @t1","Insert",,,,,,
"X-Keystroke"," ",,"58","1699419390596","main.py","1.1.5 for 2021-2022 @t1",," ",,,,,
"X-Keystroke"," ",,"56","1699419389114","main.py","1.1.5 for 2021-2022 @t1",," ",,,,,
"X-Keystroke"," ",,"57","1699419390189","main.py","1.1.5 for 2021-2022 @t1",," ",,,,,
"X-Keystroke"," ",,"58","1699419390596","main.py","1.1.5 for 2021-2022 @t1",," ",,,,,
"X-Keystroke"," ",,"56","1699419389114","main.py","1.1.5 for 2021-2022 @t1",," ",,,,,
"X-Keystroke"," ",,"57","1699419390189","main.py","1.1.5 for 2021-2022 @t1",," ",,,,,
"X-Keystroke"," ",,"58","1699419390596","main.py","1.1.5 for 2021-2022 @t1",," ",,,,,
"X-Keystroke","_",,"59","1699419392977","main.py","1.1.5 for 2021-2022 @t1",,"_",,,,,
"X-Keystroke","_",,"60","1699419393190","main.py","1.1.5 for 2021-2022 @t1",,"_",,,,,
"X-Keystroke","_",,"61","1699419393598","main.py","1.1.5 for 2021-2022 @t1",,"_",,,,,
"X-Keystroke"," ",,"62","1699419394814","main.py","1.1.5 for 2021-2022 @t1",," ",,,,,
"X-Keystroke"," ",,"63","1699419395856","main.py","1.1.5 for 2021-2022 @t1",," ",,,,,
"File.Edit","_","","58","1699419392976","main.py","1.1.5 for 2021-2022 @t1","Insert",,,,,,
"X-Keystroke","_",,"59","1699419392977","main.py","1.1.5 for 2021-2022 @t1",,"_",,,,,
"File.Edit","_","","58","1699419393189","main.py","1.1.5 for 2021-2022 @t1","Insert",,,,,,
"X-Keystroke","_",,"60","1699419393190","main.py","1.1.5 for 2021-2022 @t1",,"_",,,,,
"File.Edit","_","","60","1699419393597","main.py","1.1.5 for 2021-2022 @t1","Insert",,,,,,
"X-Keystroke","_",,"61","1699419393598","main.py","1.1.5 for 2021-2022 @t1",,"_",,,,,
"File.Edit"," ","","61","1699419394812","main.py","1.1.5 for 2021-2022 @t1","Insert",,,,,,
"X-Keystroke"," ",,"62","1699419394814","main.py","1.1.5 for 2021-2022 @t1",," ",,,,,
"File.Edit"," ","","61","1699419395855","main.py","1.1.5 for 2021-2022 @t1","Insert",,,,,,
"X-Keystroke"," ",,"63","1699419395856","main.py","1.1.5 for 2021-2022 @t1",," ",,,,,
"X-Keystroke","_",,"59","1699419392977","main.py","1.1.5 for 2021-2022 @t1",,"_",,,,,
"X-Keystroke","_",,"60","1699419393190","main.py","1.1.5 for 2021-2022 @t1",,"_",,,,,
"X-Keystroke","_",,"61","1699419393598","main.py","1.1.5 for 2021-2022 @t1",,"_",,,,,
"X-Keystroke"," ",,"62","1699419394814","main.py","1.1.5 for 2021-2022 @t1",," ",,,,,
"X-Keystroke"," ",,"63","1699419395856","main.py","1.1.5 for 2021-2022 @t1",," ",,,,,
"File.Edit"," ","","63","1699419396197","main.py","1.1.5 for 2021-2022 @t1","Insert",,,,,,
"X-Keystroke"," ",,"64","1699419396199","main.py","1.1.5 for 2021-2022 @t1",," ",,,,,
"File.Edit","_","","64","1699419398628","main.py","1.1.5 for 2021-2022 @t1","Insert",,,,,,
"X-Keystroke","_",,"65","1699419398630","main.py","1.1.5 for 2021-2022 @t1",,"_",,,,,
"File.Edit","_","","64","1699419398797","main.py","1.1.5 for 2021-2022 @t1","Insert",,,,,,
"X-Keystroke","_",,"66","1699419398798","main.py","1.1.5 for 2021-2022 @t1",,"_",,,,,
"File.Edit","_","","66","1699419399076","main.py","1.1.5 for 2021-2022 @t1","Insert",,,,,,
"X-Keystroke","_",,"67","1699419399077","main.py","1.1.5 for 2021-2022 @t1",,"_",,,,,
"X-Keystroke"," ",,"64","1699419396199","main.py","1.1.5 for 2021-2022 @t1",," ",,,,,
"X-Keystroke","_",,"65","1699419398629","main.py","1.1.5 for 2021-2022 @t1",,"_",,,,,
"X-Keystroke","_",,"66","1699419398798","main.py","1.1.5 for 2021-2022 @t1",,"_",,,,,
"X-Keystroke","_",,"67","1699419399077","main.py","1.1.5 for 2021-2022 @t1",,"_",,,,,
"X-Keystroke"," ",,"64","1699419396199","main.py","1.1.5 for 2021-2022 @t1",," ",,,,,
"X-Keystroke","_",,"65","1699419398629","main.py","1.1.5 for 2021-2022 @t1",,"_",,,,,
"X-Keystroke","_",,"66","1699419398798","main.py","1.1.5 for 2021-2022 @t1",,"_",,,,,
"X-Keystroke","_",,"67","1699419399077","main.py","1.1.5 for 2021-2022 @t1",,"_",,,,,
"X-Action","Enter",,,"1699419402579","main.py","1.1.5 for 2021-2022 @t1",,"Enter",,,,,
"File.Edit","
","","69","1699419402583","main.py","1.1.5 for 2021-2022 @t1","Insert",,,,,,
"File.Edit","p","","70","1699419403225","main.py","1.1.5 for 2021-2022 @t1","Insert",,,,,,
"X-Keystroke","p",,"71","1699419403226","main.py","1.1.5 for 2021-2022 @t1",,"p",,,,,
"File.Edit","r","","71","1699419403420","main.py","1.1.5 for 2021-2022 @t1","Insert",,,,,,
"X-Keystroke","r",,"72","1699419403431","main.py","1.1.5 for 2021-2022 @t1",,"r",,,,,
"File.Edit","i","","72","1699419403504","main.py","1.1.5 for 2021-2022 @t1","Insert",,,,,,
"X-Keystroke","i",,"73","1699419403515","main.py","1.1.5 for 2021-2022 @t1",,"i",,,,,
"File.Edit","n","","73","1699419403613","main.py","1.1.5 for 2021-2022 @t1","Insert",,,,,,
"X-Keystroke","n",,"74","1699419403622","main.py","1.1.5 for 2021-2022 @t1",,"n",,,,,
"File.Edit","t","","74","1699419403713","main.py","1.1.5 for 2021-2022 @t1","Insert",,,,,,
"X-Keystroke","t",,"75","1699419403719","main.py","1.1.5 for 2021-2022 @t1",,"t",,,,,
"X-Action","Choose Lookup Item",,,"1699419403956","main.py","1.1.5 for 2021-2022 @t1",,"Choose Lookup Item",,,,,
"File.Edit","(","","75","1699419403967","main.py","1.1.5 for 2021-2022 @t1","Insert",,,,,,
"File.Edit",")","","76","1699419403968","main.py","1.1.5 for 2021-2022 @t1","Insert",,,,,,
"File.Edit","""","","76","1699419404707","main.py","1.1.5 for 2021-2022 @t1","Insert",,,,,,
"File.Edit","""","","77","1699419404708","main.py","1.1.5 for 2021-2022 @t1","Insert",,,,,,
"X-Keystroke","""",,"77","1699419404708","main.py","1.1.5 for 2021-2022 @t1",,"""",,,,,
"X-Keystroke","p",,"71","1699419403226","main.py","1.1.5 for 2021-2022 @t1",,"p",,,,,
"X-Keystroke","r",,"72","1699419403431","main.py","1.1.5 for 2021-2022 @t1",,"r",,,,,
"X-Keystroke","i",,"73","1699419403515","main.py","1.1.5 for 2021-2022 @t1",,"i",,,,,
"X-Keystroke","n",,"74","1699419403622","main.py","1.1.5 for 2021-2022 @t1",,"n",,,,,
"X-Keystroke","t",,"75","1699419403719","main.py","1.1.5 for 2021-2022 @t1",,"t",,,,,
"X-Keystroke","""",,"77","1699419404708","main.py","1.1.5 for 2021-2022 @t1",,"""",,,,,
"X-Keystroke","p",,"71","1699419403226","main.py","1.1.5 for 2021-2022 @t1",,"p",,,,,
"X-Keystroke","r",,"72","1699419403431","main.py","1.1.5 for 2021-2022 @t1",,"r",,,,,
"X-Keystroke","i",,"73","1699419403515","main.py","1.1.5 for 2021-2022 @t1",,"i",,,,,
"X-Keystroke","n",,"74","1699419403622","main.py","1.1.5 for 2021-2022 @t1",,"n",,,,,
"X-Keystroke","t",,"75","1699419403719","main.py","1.1.5 for 2021-2022 @t1",,"t",,,,,
"X-Keystroke","""",,"77","1699419404708","main.py","1.1.5 for 2021-2022 @t1",,"""",,,,,
"File.Edit","|","","77","1699419407457","main.py","1.1.5 for 2021-2022 @t1","Insert",,,,,,
"X-Keystroke","|",,"78","1699419407459","main.py","1.1.5 for 2021-2022 @t1",,"|",,,,,
"File.Edit","_","","78","1699419409415","main.py","1.1.5 for 2021-2022 @t1","Insert",,,,,,
"X-Keystroke","_",,"79","1699419409417","main.py","1.1.5 for 2021-2022 @t1",,"_",,,,,
"File.Edit","_","","79","1699419409579","main.py","1.1.5 for 2021-2022 @t1","Insert",,,,,,
"X-Keystroke","_",,"80","1699419409581","main.py","1.1.5 for 2021-2022 @t1",,"_",,,,,
"File.Edit","_","","80","1699419409767","main.py","1.1.5 for 2021-2022 @t1","Insert",,,,,,
"X-Keystroke","_",,"81","1699419409769","main.py","1.1.5 for 2021-2022 @t1",,"_",,,,,
"X-Keystroke","|",,"78","1699419407459","main.py","1.1.5 for 2021-2022 @t1",,"|",,,,,
"X-Keystroke","_",,"79","1699419409417","main.py","1.1.5 for 2021-2022 @t1",,"_",,,,,
"X-Keystroke","_",,"80","1699419409581","main.py","1.1.5 for 2021-2022 @t1",,"_",,,,,
"X-Keystroke","_",,"81","1699419409769","main.py","1.1.5 for 2021-2022 @t1",,"_",,,,,
"X-Keystroke","|",,"78","1699419407459","main.py","1.1.5 for 2021-2022 @t1",,"|",,,,,
"X-Keystroke","_",,"79","1699419409417","main.py","1.1.5 for 2021-2022 @t1",,"_",,,,,
"X-Keystroke","_",,"80","1699419409581","main.py","1.1.5 for 2021-2022 @t1",,"_",,,,,
"X-Keystroke","_",,"81","1699419409769","main.py","1.1.5 for 2021-2022 @t1",,"_",,,,,
"X-Keystroke","|",,"82","1699419411739","main.py","1.1.5 for 2021-2022 @t1",,"|",,,,,
"X-Keystroke"," ",,"83","1699419412579","main.py","1.1.5 for 2021-2022 @t1",," ",,,,,
"X-Keystroke"," ",,"84","1699419413331","main.py","1.1.5 for 2021-2022 @t1",," ",,,,,
"X-Keystroke","|",,"85","1699419413806","main.py","1.1.5 for 2021-2022 @t1",,"|",,,,,
"File.Edit","|","","81","1699419411737","main.py","1.1.5 for 2021-2022 @t1","Insert",,,,,,
"X-Keystroke","|",,"82","1699419411739","main.py","1.1.5 for 2021-2022 @t1",,"|",,,,,
"File.Edit"," ","","82","1699419412578","main.py","1.1.5 for 2021-2022 @t1","Insert",,,,,,
"X-Keystroke"," ",,"83","1699419412579","main.py","1.1.5 for 2021-2022 @t1",," ",,,,,
"File.Edit"," ","","82","1699419413330","main.py","1.1.5 for 2021-2022 @t1","Insert",,,,,,
"X-Keystroke"," ",,"84","1699419413331","main.py","1.1.5 for 2021-2022 @t1",," ",,,,,
"File.Edit","|","","84","1699419413805","main.py","1.1.5 for 2021-2022 @t1","Insert",,,,,,
"X-Keystroke","|",,"85","1699419413806","main.py","1.1.5 for 2021-2022 @t1",,"|",,,,,
"X-Action","Delete",,,"1699419414669","main.py","1.1.5 for 2021-2022 @t1",,"Delete",,,,,
"File.Edit","","""","85","1699419414670","main.py","1.1.5 for 2021-2022 @t1","Delete",,,,,,
"X-Keystroke","|",,"82","1699419411739","main.py","1.1.5 for 2021-2022 @t1",,"|",,,,,
"X-Keystroke"," ",,"83","1699419412579","main.py","1.1.5 for 2021-2022 @t1",," ",,,,,
"X-Keystroke"," ",,"84","1699419413331","main.py","1.1.5 for 2021-2022 @t1",," ",,,,,
"X-Keystroke","|",,"85","1699419413806","main.py","1.1.5 for 2021-2022 @t1",,"|",,,,,
"X-Action","Backspace",,,"1699419415549","main.py","1.1.5 for 2021-2022 @t1",,"Backspace",,,,,
"File.Edit","","|","84","1699419415551","main.py","1.1.5 for 2021-2022 @t1","Delete",,,,,,
"File.Edit","""","","84","1699419416514","main.py","1.1.5 for 2021-2022 @t1","Insert",,,,,,
"X-Keystroke","""",,"85","1699419416516","main.py","1.1.5 for 2021-2022 @t1",,"""",,,,,
"X-Action","Left",,,"1699419417409","main.py","1.1.5 for 2021-2022 @t1",,"Left",,,,,
"X-Keystroke","""",,"85","1699419416516","main.py","1.1.5 for 2021-2022 @t1",,"""",,,,,
"X-Keystroke","|",,"85","1699419418837","main.py","1.1.5 for 2021-2022 @t1",,"|",,,,,
"X-Keystroke","""",,"85","1699419416516","main.py","1.1.5 for 2021-2022 @t1",,"""",,,,,
"X-Keystroke","|",,"85","1699419418837","main.py","1.1.5 for 2021-2022 @t1",,"|",,,,,
"File.Edit","|","","84","1699419418836","main.py","1.1.5 for 2021-2022 @t1","Insert",,,,,,
"X-Keystroke","|",,"85","1699419418837","main.py","1.1.5 for 2021-2022 @t1",,"|",,,,,
"X-Action","Backspace",,,"1699419419780","main.py","1.1.5 for 2021-2022 @t1",,"Backspace",,,,,
"File.Edit","","|","84","1699419419781","main.py","1.1.5 for 2021-2022 @t1","Delete",,,,,,
"X-Action","Backspace",,,"1699419419954","main.py","1.1.5 for 2021-2022 @t1",,"Backspace",,,,,
"File.Edit",""," ","82","1699419419956","main.py","1.1.5 for 2021-2022 @t1","Delete",,,,,,
"File.Edit","|","","83","1699419420744","main.py","1.1.5 for 2021-2022 @t1","Insert",,,,,,
"X-Keystroke","|",,"84","1699419420745","main.py","1.1.5 for 2021-2022 @t1",,"|",,,,,
"File.Edit"," ","","84","1699419421362","main.py","1.1.5 for 2021-2022 @t1","Insert",,,,,,
"X-Keystroke"," ",,"85","1699419421363","main.py","1.1.5 for 2021-2022 @t1",," ",,,,,
"File.Edit"," ","","84","1699419421561","main.py","1.1.5 for 2021-2022 @t1","Insert",,,,,,
"X-Keystroke"," ",,"86","1699419421562","main.py","1.1.5 for 2021-2022 @t1",," ",,,,,
"File.Edit"," ","","86","1699419421751","main.py","1.1.5 for 2021-2022 @t1","Insert",,,,,,
"X-Keystroke"," ",,"87","1699419421751","main.py","1.1.5 for 2021-2022 @t1",," ",,,,,
"X-Keystroke","|",,"84","1699419420745","main.py","1.1.5 for 2021-2022 @t1",,"|",,,,,
"X-Keystroke"," ",,"85","1699419421363","main.py","1.1.5 for 2021-2022 @t1",," ",,,,,
"X-Keystroke"," ",,"86","1699419421562","main.py","1.1.5 for 2021-2022 @t1",," ",,,,,
"X-Keystroke"," ",,"87","1699419421751","main.py","1.1.5 for 2021-2022 @t1",," ",,,,,
"X-Keystroke","|",,"88","1699419422381","main.py","1.1.5 for 2021-2022 @t1",,"|",,,,,
"X-Keystroke"," ",,"89","1699419422840","main.py","1.1.5 for 2021-2022 @t1",," ",,,,,
"X-Keystroke","|",,"90","1699419423693","main.py","1.1.5 for 2021-2022 @t1",,"|",,,,,
"X-Keystroke","|",,"84","1699419420745","main.py","1.1.5 for 2021-2022 @t1",,"|",,,,,
"X-Keystroke"," ",,"85","1699419421363","main.py","1.1.5 for 2021-2022 @t1",," ",,,,,
"X-Keystroke"," ",,"86","1699419421562","main.py","1.1.5 for 2021-2022 @t1",," ",,,,,
"X-Keystroke"," ",,"87","1699419421751","main.py","1.1.5 for 2021-2022 @t1",," ",,,,,
"X-Keystroke","|",,"88","1699419422381","main.py","1.1.5 for 2021-2022 @t1",,"|",,,,,
"X-Keystroke"," ",,"89","1699419422840","main.py","1.1.5 for 2021-2022 @t1",," ",,,,,
"X-Keystroke","|",,"90","1699419423693","main.py","1.1.5 for 2021-2022 @t1",,"|",,,,,
"File.Edit","|","","87","1699419422380","main.py","1.1.5 for 2021-2022 @t1","Insert",,,,,,
"X-Keystroke","|",,"88","1699419422381","main.py","1.1.5 for 2021-2022 @t1",,"|",,,,,
"File.Edit"," ","","88","1699419422839","main.py","1.1.5 for 2021-2022 @t1","Insert",,,,,,
"X-Keystroke"," ",,"89","1699419422840","main.py","1.1.5 for 2021-2022 @t1",," ",,,,,
"File.Edit","|","","89","1699419423692","main.py","1.1.5 for 2021-2022 @t1","Insert",,,,,,
"X-Keystroke","|",,"90","1699419423693","main.py","1.1.5 for 2021-2022 @t1",,"|",,,,,
"File.Edit"," ","","90","1699419424101","main.py","1.1.5 for 2021-2022 @t1","Insert",,,,,,
"X-Keystroke"," ",,"91","1699419424102","main.py","1.1.5 for 2021-2022 @t1",," ",,,,,
"File.Edit"," ","","90","1699419424903","main.py","1.1.5 for 2021-2022 @t1","Insert",,,,,,
"X-Keystroke"," ",,"92","1699419424904","main.py","1.1.5 for 2021-2022 @t1",," ",,,,,
"File.Edit"," ","","92","1699419425090","main.py","1.1.5 for 2021-2022 @t1","Insert",,,,,,
"X-Keystroke"," ",,"93","1699419425091","main.py","1.1.5 for 2021-2022 @t1",," ",,,,,
"X-Keystroke"," ",,"91","1699419424102","main.py","1.1.5 for 2021-2022 @t1",," ",,,,,
"X-Keystroke"," ",,"92","1699419424904","main.py","1.1.5 for 2021-2022 @t1",," ",,,,,
"X-Keystroke"," ",,"93","1699419425091","main.py","1.1.5 for 2021-2022 @t1",," ",,,,,
"X-Keystroke","|",,"94","1699419425483","main.py","1.1.5 for 2021-2022 @t1",,"|",,,,,
"X-Keystroke"," ",,"95","1699419425946","main.py","1.1.5 for 2021-2022 @t1",," ",,,,,
"X-Keystroke","|",,"96","1699419426681","main.py","1.1.5 for 2021-2022 @t1",,"|",,,,,
"X-Keystroke"," ",,"97","1699419426965","main.py","1.1.5 for 2021-2022 @t1",," ",,,,,
"File.Edit","|","","93","1699419425482","main.py","1.1.5 for 2021-2022 @t1","Insert",,,,,,
"X-Keystroke","|",,"94","1699419425483","main.py","1.1.5 for 2021-2022 @t1",,"|",,,,,
"File.Edit"," ","","94","1699419425945","main.py","1.1.5 for 2021-2022 @t1","Insert",,,,,,
"X-Keystroke"," ",,"95","1699419425946","main.py","1.1.5 for 2021-2022 @t1",," ",,,,,
"File.Edit","|","","95","1699419426680","main.py","1.1.5 for 2021-2022 @t1","Insert",,,,,,
"X-Keystroke","|",,"96","1699419426681","main.py","1.1.5 for 2021-2022 @t1",,"|",,,,,
"File.Edit"," ","","96","1699419426964","main.py","1.1.5 for 2021-2022 @t1","Insert",,,,,,
"X-Keystroke"," ",,"97","1699419426965","main.py","1.1.5 for 2021-2022 @t1",," ",,,,,
"File.Edit"," ","","96","1699419427263","main.py","1.1.5 for 2021-2022 @t1","Insert",,,,,,
"X-Keystroke"," ",,"98","1699419427264","main.py","1.1.5 for 2021-2022 @t1",," ",,,,,
"File.Edit"," ","","98","1699419427446","main.py","1.1.5 for 2021-2022 @t1","Insert",,,,,,
"X-Keystroke"," ",,"99","1699419427448","main.py","1.1.5 for 2021-2022 @t1",," ",,,,,
"File.Edit","|","","99","1699419428117","main.py","1.1.5 for 2021-2022 @t1","Insert",,,,,,
"X-Keystroke","|",,"100","1699419428118","main.py","1.1.5 for 2021-2022 @t1",,"|",,,,,
"X-Keystroke"," ",,"98","1699419427263","main.py","1.1.5 for 2021-2022 @t1",," ",,,,,
"X-Keystroke"," ",,"99","1699419427448","main.py","1.1.5 for 2021-2022 @t1",," ",,,,,
"X-Keystroke","|",,"100","1699419428118","main.py","1.1.5 for 2021-2022 @t1",,"|",,,,,
"X-Keystroke"," ",,"91","1699419424102","main.py","1.1.5 for 2021-2022 @t1",," ",,,,,
"X-Keystroke"," ",,"92","1699419424904","main.py","1.1.5 for 2021-2022 @t1",," ",,,,,
"X-Keystroke"," ",,"93","1699419425091","main.py","1.1.5 for 2021-2022 @t1",," ",,,,,
"X-Keystroke","|",,"94","1699419425483","main.py","1.1.5 for 2021-2022 @t1",,"|",,,,,
"X-Keystroke"," ",,"95","1699419425946","main.py","1.1.5 for 2021-2022 @t1",," ",,,,,
"X-Keystroke","|",,"96","1699419426681","main.py","1.1.5 for 2021-2022 @t1",,"|",,,,,
"X-Keystroke"," ",,"97","1699419426965","main.py","1.1.5 for 2021-2022 @t1",," ",,,,,
"X-Keystroke"," ",,"98","1699419427264","main.py","1.1.5 for 2021-2022 @t1",," ",,,,,
"X-Keystroke"," ",,"99","1699419427448","main.py","1.1.5 for 2021-2022 @t1",," ",,,,,
"X-Keystroke","|",,"100","1699419428118","main.py","1.1.5 for 2021-2022 @t1",,"|",,,,,
"X-Action","Backspace",,,"1699419432511","main.py","1.1.5 for 2021-2022 @t1",,"Backspace",,,,,
"File.Edit","","_","54","1699419432514","main.py","1.1.5 for 2021-2022 @t1","Delete",,,,,,
"X-Keystroke"," ",,"100","1699419439225","main.py","1.1.5 for 2021-2022 @t1",," ",,,,,
"X-Keystroke","|",,"101","1699419440994","main.py","1.1.5 for 2021-2022 @t1",,"|",,,,,
"X-Keystroke"," ",,"102","1699419441580","main.py","1.1.5 for 2021-2022 @t1",," ",,,,,
"X-Keystroke"," ",,"103","1699419442206","main.py","1.1.5 for 2021-2022 @t1",," ",,,,,
"File.Edit"," ","","99","1699419439225","main.py","1.1.5 for 2021-2022 @t1","Insert",,,,,,
"X-Keystroke"," ",,"100","1699419439225","main.py","1.1.5 for 2021-2022 @t1",," ",,,,,
"File.Edit","|","","100","1699419440993","main.py","1.1.5 for 2021-2022 @t1","Insert",,,,,,
"X-Keystroke","|",,"101","1699419440994","main.py","1.1.5 for 2021-2022 @t1",,"|",,,,,
"File.Edit"," ","","101","1699419441580","main.py","1.1.5 for 2021-2022 @t1","Insert",,,,,,
"X-Keystroke"," ",,"102","1699419441580","main.py","1.1.5 for 2021-2022 @t1",," ",,,,,
"File.Edit"," ","","101","1699419442205","main.py","1.1.5 for 2021-2022 @t1","Insert",,,,,,
"X-Keystroke"," ",,"103","1699419442206","main.py","1.1.5 for 2021-2022 @t1",," ",,,,,
"X-Keystroke"," ",,"100","1699419439225","main.py","1.1.5 for 2021-2022 @t1",," ",,,,,
"X-Keystroke","|",,"101","1699419440994","main.py","1.1.5 for 2021-2022 @t1",,"|",,,,,
"X-Keystroke"," ",,"102","1699419441580","main.py","1.1.5 for 2021-2022 @t1",," ",,,,,
"X-Keystroke"," ",,"103","1699419442206","main.py","1.1.5 for 2021-2022 @t1",," ",,,,,
"X-Keystroke"," ",,"104","1699419442835","main.py","1.1.5 for 2021-2022 @t1",," ",,,,,
"X-Keystroke","|",,"105","1699419443619","main.py","1.1.5 for 2021-2022 @t1",,"|",,,,,
"X-Keystroke"," ",,"106","1699419444474","main.py","1.1.5 for 2021-2022 @t1",," ",,,,,
"X-Keystroke"," ",,"107","1699419444882","main.py","1.1.5 for 2021-2022 @t1",," ",,,,,
"X-Keystroke","|",,"108","1699419445447","main.py","1.1.5 for 2021-2022 @t1",,"|",,,,,
"X-Keystroke"," ",,"104","1699419442835","main.py","1.1.5 for 2021-2022 @t1",," ",,,,,
"X-Keystroke","|",,"105","1699419443619","main.py","1.1.5 for 2021-2022 @t1",,"|",,,,,
"X-Keystroke"," ",,"106","1699419444474","main.py","1.1.5 for 2021-2022 @t1",," ",,,,,
"X-Keystroke"," ",,"107","1699419444882","main.py","1.1.5 for 2021-2022 @t1",," ",,,,,
"X-Keystroke","|",,"108","1699419445447","main.py","1.1.5 for 2021-2022 @t1",,"|",,,,,
"File.Edit"," ","","103","1699419442834","main.py","1.1.5 for 2021-2022 @t1","Insert",,,,,,
"X-Keystroke"," ",,"104","1699419442835","main.py","1.1.5 for 2021-2022 @t1",," ",,,,,
"File.Edit","|","","104","1699419443618","main.py","1.1.5 for 2021-2022 @t1","Insert",,,,,,
"X-Keystroke","|",,"105","1699419443619","main.py","1.1.5 for 2021-2022 @t1",,"|",,,,,
"File.Edit"," ","","105","1699419444473","main.py","1.1.5 for 2021-2022 @t1","Insert",,,,,,
"X-Keystroke"," ",,"106","1699419444474","main.py","1.1.5 for 2021-2022 @t1",," ",,,,,
"File.Edit"," ","","105","1699419444881","main.py","1.1.5 for 2021-2022 @t1","Insert",,,,,,
"X-Keystroke"," ",,"107","1699419444882","main.py","1.1.5 for 2021-2022 @t1",," ",,,,,
"File.Edit","|","","107","1699419445446","main.py","1.1.5 for 2021-2022 @t1","Insert",,,,,,
"X-Keystroke","|",,"108","1699419445447","main.py","1.1.5 for 2021-2022 @t1",,"|",,,,,
"X-Action","Backspace",,,"1699419446589","main.py","1.1.5 for 2021-2022 @t1",,"Backspace",,,,,
"File.Edit","","|","107","1699419446591","main.py","1.1.5 for 2021-2022 @t1","Delete",,,,,,
"X-Action","Backspace",,,"1699419446882","main.py","1.1.5 for 2021-2022 @t1",,"Backspace",,,,,
"File.Edit",""," ","105","1699419446883","main.py","1.1.5 for 2021-2022 @t1","Delete",,,,,,
"File.Edit","|","","106","1699419447794","main.py","1.1.5 for 2021-2022 @t1","Insert",,,,,,
"X-Keystroke","|",,"107","1699419447796","main.py","1.1.5 for 2021-2022 @t1",,"|",,,,,
"File.Edit","_","","107","1699419449280","main.py","1.1.5 for 2021-2022 @t1","Insert",,,,,,
"X-Keystroke","_",,"108","1699419449281","main.py","1.1.5 for 2021-2022 @t1",,"_",,,,,
"File.Edit","_","","108","1699419449449","main.py","1.1.5 for 2021-2022 @t1","Insert",,,,,,
"X-Keystroke","_",,"109","1699419449450","main.py","1.1.5 for 2021-2022 @t1",,"_",,,,,
"X-Keystroke","|",,"107","1699419447796","main.py","1.1.5 for 2021-2022 @t1",,"|",,,,,
"X-Keystroke","_",,"108","1699419449281","main.py","1.1.5 for 2021-2022 @t1",,"_",,,,,
"X-Keystroke","_",,"109","1699419449450","main.py","1.1.5 for 2021-2022 @t1",,"_",,,,,
"X-Keystroke","_",,"110","1699419449673","main.py","1.1.5 for 2021-2022 @t1",,"_",,,,,
"X-Keystroke","|",,"107","1699419447796","main.py","1.1.5 for 2021-2022 @t1",,"|",,,,,
"X-Keystroke","_",,"108","1699419449281","main.py","1.1.5 for 2021-2022 @t1",,"_",,,,,
"X-Keystroke","_",,"109","1699419449450","main.py","1.1.5 for 2021-2022 @t1",,"_",,,,,
"X-Keystroke","_",,"110","1699419449673","main.py","1.1.5 for 2021-2022 @t1",,"_",,,,,
"File.Edit","_","","109","1699419449672","main.py","1.1.5 for 2021-2022 @t1","Insert",,,,,,
"X-Keystroke","_",,"110","1699419449673","main.py","1.1.5 for 2021-2022 @t1",,"_",,,,,
"X-Action","Enter",,,"1699419453048","main.py","1.1.5 for 2021-2022 @t1",,"Enter",,,,,
"File.Edit","
","","112","1699419453051","main.py","1.1.5 for 2021-2022 @t1","Insert",,,,,,
"File.Edit","p","","113","1699419453619","main.py","1.1.5 for 2021-2022 @t1","Insert",,,,,,
"X-Keystroke","p",,"114","1699419453620","main.py","1.1.5 for 2021-2022 @t1",,"p",,,,,
"File.Edit","r","","114","1699419453801","main.py","1.1.5 for 2021-2022 @t1","Insert",,,,,,
"X-Keystroke","r",,"115","1699419453815","main.py","1.1.5 for 2021-2022 @t1",,"r",,,,,
"File.Edit","i","","115","1699419453942","main.py","1.1.5 for 2021-2022 @t1","Insert",,,,,,
"X-Keystroke","i",,"116","1699419453954","main.py","1.1.5 for 2021-2022 @t1",,"i",,,,,
"File.Edit","n","","116","1699419454062","main.py","1.1.5 for 2021-2022 @t1","Insert",,,,,,
"X-Keystroke","n",,"117","1699419454071","main.py","1.1.5 for 2021-2022 @t1",,"n",,,,,
"File.Edit","t","","117","1699419454166","main.py","1.1.5 for 2021-2022 @t1","Insert",,,,,,
"X-Keystroke","t",,"118","1699419454173","main.py","1.1.5 for 2021-2022 @t1",,"t",,,,,
"X-Action","Choose Lookup Item",,,"1699419454339","main.py","1.1.5 for 2021-2022 @t1",,"Choose Lookup Item",,,,,
"File.Edit","(","","118","1699419454351","main.py","1.1.5 for 2021-2022 @t1","Insert",,,,,,
"File.Edit",")","","119","1699419454352","main.py","1.1.5 for 2021-2022 @t1","Insert",,,,,,
"X-Keystroke","p",,"114","1699419453620","main.py","1.1.5 for 2021-2022 @t1",,"p",,,,,
"X-Keystroke","r",,"115","1699419453815","main.py","1.1.5 for 2021-2022 @t1",,"r",,,,,
"X-Keystroke","i",,"116","1699419453954","main.py","1.1.5 for 2021-2022 @t1",,"i",,,,,
"X-Keystroke","n",,"117","1699419454071","main.py","1.1.5 for 2021-2022 @t1",,"n",,,,,
"X-Keystroke","t",,"118","1699419454173","main.py","1.1.5 for 2021-2022 @t1",,"t",,,,,
"X-Keystroke","""",,"120","1699419456400","main.py","1.1.5 for 2021-2022 @t1",,"""",,,,,
"X-Keystroke","p",,"114","1699419453620","main.py","1.1.5 for 2021-2022 @t1",,"p",,,,,
"X-Keystroke","r",,"115","1699419453815","main.py","1.1.5 for 2021-2022 @t1",,"r",,,,,
"X-Keystroke","i",,"116","1699419453954","main.py","1.1.5 for 2021-2022 @t1",,"i",,,,,
"X-Keystroke","n",,"117","1699419454071","main.py","1.1.5 for 2021-2022 @t1",,"n",,,,,
"X-Keystroke","t",,"118","1699419454173","main.py","1.1.5 for 2021-2022 @t1",,"t",,,,,
"X-Keystroke","""",,"120","1699419456400","main.py","1.1.5 for 2021-2022 @t1",,"""",,,,,
"File.Edit","""","","119","1699419456398","main.py","1.1.5 for 2021-2022 @t1","Insert",,,,,,
"File.Edit","""","","120","1699419456400","main.py","1.1.5 for 2021-2022 @t1","Insert",,,,,,
"X-Keystroke","""",,"120","1699419456400","main.py","1.1.5 for 2021-2022 @t1",,"""",,,,,
"File.Edit","|","","120","1699419458347","main.py","1.1.5 for 2021-2022 @t1","Insert",,,,,,
"X-Keystroke","|",,"121","1699419458349","main.py","1.1.5 for 2021-2022 @t1",,"|",,,,,
"File.Edit"," ","","121","1699419459208","main.py","1.1.5 for 2021-2022 @t1","Insert",,,,,,
"X-Keystroke"," ",,"122","1699419459210","main.py","1.1.5 for 2021-2022 @t1",," ",,,,,
"X-Keystroke","|",,"121","1699419458349","main.py","1.1.5 for 2021-2022 @t1",,"|",,,,,
"X-Keystroke"," ",,"122","1699419459210","main.py","1.1.5 for 2021-2022 @t1",," ",,,,,
"X-Keystroke"," ",,"123","1699419459673","main.py","1.1.5 for 2021-2022 @t1",," ",,,,,
"X-Keystroke"," ",,"124","1699419460058","main.py","1.1.5 for 2021-2022 @t1",," ",,,,,
"X-Keystroke","|",,"125","1699419460650","main.py","1.1.5 for 2021-2022 @t1",,"|",,,,,
"X-Keystroke","|",,"121","1699419458349","main.py","1.1.5 for 2021-2022 @t1",,"|",,,,,
"X-Keystroke"," ",,"122","1699419459210","main.py","1.1.5 for 2021-2022 @t1",," ",,,,,
"X-Keystroke"," ",,"123","1699419459673","main.py","1.1.5 for 2021-2022 @t1",," ",,,,,
"X-Keystroke"," ",,"124","1699419460058","main.py","1.1.5 for 2021-2022 @t1",," ",,,,,
"X-Keystroke","|",,"125","1699419460650","main.py","1.1.5 for 2021-2022 @t1",,"|",,,,,
"File.Edit"," ","","121","1699419459672","main.py","1.1.5 for 2021-2022 @t1","Insert",,,,,,
"X-Keystroke"," ",,"123","1699419459673","main.py","1.1.5 for 2021-2022 @t1",," ",,,,,
"File.Edit"," ","","123","1699419460057","main.py","1.1.5 for 2021-2022 @t1","Insert",,,,,,
"X-Keystroke"," ",,"124","1699419460058","main.py","1.1.5 for 2021-2022 @t1",," ",,,,,
"File.Edit","|","","124","1699419460648","main.py","1.1.5 for 2021-2022 @t1","Insert",,,,,,
"X-Keystroke","|",,"125","1699419460650","main.py","1.1.5 for 2021-2022 @t1",,"|",,,,,
"File.Edit"," ","","125","1699419461390","main.py","1.1.5 for 2021-2022 @t1","Insert",,,,,,
"X-Keystroke"," ",,"126","1699419461391","main.py","1.1.5 for 2021-2022 @t1",," ",,,,,
"File.Edit","|","","126","1699419462085","main.py","1.1.5 for 2021-2022 @t1","Insert",,,,,,
"X-Keystroke","|",,"127","1699419462085","main.py","1.1.5 for 2021-2022 @t1",,"|",,,,,
"File.Edit"," ","","127","1699419462633","main.py","1.1.5 for 2021-2022 @t1","Insert",,,,,,
"X-Keystroke"," ",,"128","1699419462634","main.py","1.1.5 for 2021-2022 @t1",," ",,,,,
"X-Keystroke"," ",,"126","1699419461391","main.py","1.1.5 for 2021-2022 @t1",," ",,,,,
"X-Keystroke","|",,"127","1699419462085","main.py","1.1.5 for 2021-2022 @t1",,"|",,,,,
"X-Keystroke"," ",,"128","1699419462634","main.py","1.1.5 for 2021-2022 @t1",," ",,,,,
"X-Keystroke"," ",,"129","1699419462858","main.py","1.1.5 for 2021-2022 @t1",," ",,,,,
"X-Keystroke"," ",,"130","1699419463101","main.py","1.1.5 for 2021-2022 @t1",," ",,,,,
"X-Keystroke","|",,"131","1699419463513","main.py","1.1.5 for 2021-2022 @t1",,"|",,,,,
"X-Keystroke"," ",,"132","1699419463858","main.py","1.1.5 for 2021-2022 @t1",," ",,,,,
"X-Keystroke"," ",,"126","1699419461391","main.py","1.1.5 for 2021-2022 @t1",," ",,,,,
"X-Keystroke","|",,"127","1699419462085","main.py","1.1.5 for 2021-2022 @t1",,"|",,,,,
"X-Keystroke"," ",,"128","1699419462634","main.py","1.1.5 for 2021-2022 @t1",," ",,,,,
"X-Keystroke"," ",,"129","1699419462858","main.py","1.1.5 for 2021-2022 @t1",," ",,,,,
"X-Keystroke"," ",,"130","1699419463101","main.py","1.1.5 for 2021-2022 @t1",," ",,,,,
"X-Keystroke","|",,"131","1699419463513","main.py","1.1.5 for 2021-2022 @t1",,"|",,,,,
"X-Keystroke"," ",,"132","1699419463858","main.py","1.1.5 for 2021-2022 @t1",," ",,,,,
"File.Edit"," ","","127","1699419462857","main.py","1.1.5 for 2021-2022 @t1","Insert",,,,,,
"X-Keystroke"," ",,"129","1699419462858","main.py","1.1.5 for 2021-2022 @t1",," ",,,,,
"File.Edit"," ","","129","1699419463100","main.py","1.1.5 for 2021-2022 @t1","Insert",,,,,,
"X-Keystroke"," ",,"130","1699419463101","main.py","1.1.5 for 2021-2022 @t1",," ",,,,,
"File.Edit","|","","130","1699419463512","main.py","1.1.5 for 2021-2022 @t1","Insert",,,,,,
"X-Keystroke","|",,"131","1699419463513","main.py","1.1.5 for 2021-2022 @t1",,"|",,,,,
"File.Edit"," ","","131","1699419463857","main.py","1.1.5 for 2021-2022 @t1","Insert",,,,,,
"X-Keystroke"," ",,"132","1699419463858","main.py","1.1.5 for 2021-2022 @t1",," ",,,,,
"File.Edit","|","","132","1699419464606","main.py","1.1.5 for 2021-2022 @t1","Insert",,,,,,
"X-Keystroke","|",,"133","1699419464607","main.py","1.1.5 for 2021-2022 @t1",,"|",,,,,
"File.Edit"," ","","133","1699419464901","main.py","1.1.5 for 2021-2022 @t1","Insert",,,,,,
"X-Keystroke"," ",,"134","1699419464902","main.py","1.1.5 for 2021-2022 @t1",," ",,,,,
"File.Edit"," ","","133","1699419465089","main.py","1.1.5 for 2021-2022 @t1","Insert",,,,,,
"X-Keystroke"," ",,"135","1699419465090","main.py","1.1.5 for 2021-2022 @t1",," ",,,,,
"File.Edit"," ","","135","1699419465298","main.py","1.1.5 for 2021-2022 @t1","Insert",,,,,,
"X-Keystroke"," ",,"136","1699419465298","main.py","1.1.5 for 2021-2022 @t1",," ",,,,,
"File.Edit","|","","136","1699419465710","main.py","1.1.5 for 2021-2022 @t1","Insert",,,,,,
"X-Keystroke","|",,"137","1699419465711","main.py","1.1.5 for 2021-2022 @t1",,"|",,,,,
"X-Keystroke","|",,"133","1699419464607","main.py","1.1.5 for 2021-2022 @t1",,"|",,,,,
"X-Keystroke"," ",,"134","1699419464902","main.py","1.1.5 for 2021-2022 @t1",," ",,,,,
"X-Keystroke"," ",,"135","1699419465090","main.py","1.1.5 for 2021-2022 @t1",," ",,,,,
"X-Keystroke"," ",,"136","1699419465298","main.py","1.1.5 for 2021-2022 @t1",," ",,,,,
"X-Keystroke","|",,"137","1699419465711","main.py","1.1.5 for 2021-2022 @t1",,"|",,,,,
"X-Keystroke"," ",,"138","1699419465955","main.py","1.1.5 for 2021-2022 @t1",," ",,,,,
"X-Keystroke","|",,"139","1699419466616","main.py","1.1.5 for 2021-2022 @t1",,"|",,,,,
"X-Keystroke"," ",,"140","1699419466999","main.py","1.1.5 for 2021-2022 @t1",," ",,,,,
"X-Keystroke","|",,"133","1699419464607","main.py","1.1.5 for 2021-2022 @t1",,"|",,,,,
"X-Keystroke"," ",,"134","1699419464902","main.py","1.1.5 for 2021-2022 @t1",," ",,,,,
"X-Keystroke"," ",,"135","1699419465090","main.py","1.1.5 for 2021-2022 @t1",," ",,,,,
"X-Keystroke"," ",,"136","1699419465298","main.py","1.1.5 for 2021-2022 @t1",," ",,,,,
"X-Keystroke","|",,"137","1699419465711","main.py","1.1.5 for 2021-2022 @t1",,"|",,,,,
"X-Keystroke"," ",,"138","1699419465955","main.py","1.1.5 for 2021-2022 @t1",," ",,,,,
"X-Keystroke","|",,"139","1699419466616","main.py","1.1.5 for 2021-2022 @t1",,"|",,,,,
"X-Keystroke"," ",,"140","1699419466999","main.py","1.1.5 for 2021-2022 @t1",," ",,,,,
"File.Edit"," ","","137","1699419465954","main.py","1.1.5 for 2021-2022 @t1","Insert",,,,,,
"X-Keystroke"," ",,"138","1699419465955","main.py","1.1.5 for 2021-2022 @t1",," ",,,,,
"File.Edit","|","","138","1699419466615","main.py","1.1.5 for 2021-2022 @t1","Insert",,,,,,
"X-Keystroke","|",,"139","1699419466616","main.py","1.1.5 for 2021-2022 @t1",,"|",,,,,
"File.Edit"," ","","139","1699419466999","main.py","1.1.5 for 2021-2022 @t1","Insert",,,,,,
"X-Keystroke"," ",,"140","1699419466999","main.py","1.1.5 for 2021-2022 @t1",," ",,,,,
"File.Edit"," ","","139","1699419467884","main.py","1.1.5 for 2021-2022 @t1","Insert",,,,,,
"X-Keystroke"," ",,"141","1699419467887","main.py","1.1.5 for 2021-2022 @t1",," ",,,,,
"X-Keystroke"," ",,"141","1699419467887","main.py","1.1.5 for 2021-2022 @t1",," ",,,,,
"X-Keystroke"," ",,"141","1699419467887","main.py","1.1.5 for 2021-2022 @t1",," ",,,,,
"X-Action","Backspace",,,"1699419473736","main.py","1.1.5 for 2021-2022 @t1",,"Backspace",,,,,
"File.Edit",""," ","97","1699419473740","main.py","1.1.5 for 2021-2022 @t1","Delete",,,,,,
"X-Action","Backspace",,,"1699419473916","main.py","1.1.5 for 2021-2022 @t1",,"Backspace",,,,,
"File.Edit",""," ","95","1699419473918","main.py","1.1.5 for 2021-2022 @t1","Delete",,,,,,
"X-Action","Backspace",,,"1699419479654","main.py","1.1.5 for 2021-2022 @t1",,"Backspace",,,,,
"File.Edit",""," ","95","1699419479656","main.py","1.1.5 for 2021-2022 @t1","Delete",,,,,,
"File.Edit","_","","95","1699419480330","main.py","1.1.5 for 2021-2022 @t1","Insert",,,,,,
"X-Keystroke","_",,"96","1699419480331","main.py","1.1.5 for 2021-2022 @t1",,"_",,,,,
"File.Edit","_","","96","1699419480520","main.py","1.1.5 for 2021-2022 @t1","Insert",,,,,,
"X-Keystroke","_",,"97","1699419480521","main.py","1.1.5 for 2021-2022 @t1",,"_",,,,,
"File.Edit","_","","97","1699419480727","main.py","1.1.5 for 2021-2022 @t1","Insert",,,,,,
"X-Keystroke","_",,"98","1699419480728","main.py","1.1.5 for 2021-2022 @t1",,"_",,,,,
"X-Keystroke","_",,"96","1699419480331","main.py","1.1.5 for 2021-2022 @t1",,"_",,,,,
"X-Keystroke","_",,"97","1699419480521","main.py","1.1.5 for 2021-2022 @t1",,"_",,,,,
"X-Keystroke","_",,"98","1699419480728","main.py","1.1.5 for 2021-2022 @t1",,"_",,,,,
"X-Keystroke","_",,"96","1699419480331","main.py","1.1.5 for 2021-2022 @t1",,"_",,,,,
"X-Keystroke","_",,"97","1699419480521","main.py","1.1.5 for 2021-2022 @t1",,"_",,,,,
"X-Keystroke","_",,"98","1699419480728","main.py","1.1.5 for 2021-2022 @t1",,"_",,,,,
"X-Action","Backspace",,,"1699419483828","main.py","1.1.5 for 2021-2022 @t1",,"Backspace",,,,,
"File.Edit","","_","97","1699419483831","main.py","1.1.5 for 2021-2022 @t1","Delete",,,,,,
"X-Action","Backspace",,,"1699419484073","main.py","1.1.5 for 2021-2022 @t1",,"Backspace",,,,,
"File.Edit","","_","96","1699419484074","main.py","1.1.5 for 2021-2022 @t1","Delete",,,,,,
"X-Action","Backspace",,,"1699419484262","main.py","1.1.5 for 2021-2022 @t1",,"Backspace",,,,,
"File.Edit","","_","95","1699419484263","main.py","1.1.5 for 2021-2022 @t1","Delete",,,,,,
"File.Edit","_","","95","1699419485372","main.py","1.1.5 for 2021-2022 @t1","Insert",,,,,,
"X-Keystroke","_",,"96","1699419485374","main.py","1.1.5 for 2021-2022 @t1",,"_",,,,,
"File.Edit","_","","96","1699419485571","main.py","1.1.5 for 2021-2022 @t1","Insert",,,,,,
"X-Keystroke","_",,"97","1699419485572","main.py","1.1.5 for 2021-2022 @t1",,"_",,,,,
"File.Edit","_","","97","1699419485853","main.py","1.1.5 for 2021-2022 @t1","Insert",,,,,,
"X-Keystroke","_",,"98","1699419485854","main.py","1.1.5 for 2021-2022 @t1",,"_",,,,,
"X-Keystroke","_",,"96","1699419485374","main.py","1.1.5 for 2021-2022 @t1",,"_",,,,,
"X-Keystroke","_",,"97","1699419485572","main.py","1.1.5 for 2021-2022 @t1",,"_",,,,,
"X-Keystroke","_",,"98","1699419485854","main.py","1.1.5 for 2021-2022 @t1",,"_",,,,,
"X-Keystroke","_",,"96","1699419485374","main.py","1.1.5 for 2021-2022 @t1",,"_",,,,,
"X-Keystroke","_",,"97","1699419485572","main.py","1.1.5 for 2021-2022 @t1",,"_",,,,,
"X-Keystroke","_",,"98","1699419485854","main.py","1.1.5 for 2021-2022 @t1",,"_",,,,,
"X-Action","Backspace",,,"1699419487170","main.py","1.1.5 for 2021-2022 @t1",,"Backspace",,,,,
"File.Edit","","_","97","1699419487171","main.py","1.1.5 for 2021-2022 @t1","Delete",,,,,,
"X-Action","Backspace",,,"1699419487373","main.py","1.1.5 for 2021-2022 @t1",,"Backspace",,,,,
"File.Edit","","_","96","1699419487376","main.py","1.1.5 for 2021-2022 @t1","Delete",,,,,,
"X-Action","Backspace",,,"1699419487722","main.py","1.1.5 for 2021-2022 @t1",,"Backspace",,,,,
"File.Edit","","_","95","1699419487723","main.py","1.1.5 for 2021-2022 @t1","Delete",,,,,,
"File.Edit"," ","","95","1699419493716","main.py","1.1.5 for 2021-2022 @t1","Insert",,,,,,
"X-Keystroke"," ",,"96","1699419493717","main.py","1.1.5 for 2021-2022 @t1",," ",,,,,
"File.Edit"," ","","95","1699419494047","main.py","1.1.5 for 2021-2022 @t1","Insert",,,,,,
"X-Keystroke"," ",,"97","1699419494049","main.py","1.1.5 for 2021-2022 @t1",," ",,,,,
"File.Edit"," ","","97","1699419494437","main.py","1.1.5 for 2021-2022 @t1","Insert",,,,,,
"X-Keystroke"," ",,"98","1699419494437","main.py","1.1.5 for 2021-2022 @t1",," ",,,,,
"X-Keystroke"," ",,"96","1699419493717","main.py","1.1.5 for 2021-2022 @t1",," ",,,,,
"X-Keystroke"," ",,"97","1699419494049","main.py","1.1.5 for 2021-2022 @t1",," ",,,,,
"X-Keystroke"," ",,"98","1699419494437","main.py","1.1.5 for 2021-2022 @t1",," ",,,,,
"X-Keystroke"," ",,"96","1699419493717","main.py","1.1.5 for 2021-2022 @t1",," ",,,,,
"X-Keystroke"," ",,"97","1699419494049","main.py","1.1.5 for 2021-2022 @t1",," ",,,,,
"X-Keystroke"," ",,"98","1699419494437","main.py","1.1.5 for 2021-2022 @t1",," ",,,,,
"X-Keystroke","-",,"140","1699419497744","main.py","1.1.5 for 2021-2022 @t1",,"-",,,,,
"X-Keystroke","-",,"141","1699419497969","main.py","1.1.5 for 2021-2022 @t1",,"-",,,,,
"X-Keystroke","-",,"142","1699419498328","main.py","1.1.5 for 2021-2022 @t1",,"-",,,,,
"File.Edit","-","","139","1699419497742","main.py","1.1.5 for 2021-2022 @t1","Insert",,,,,,
"X-Keystroke","-",,"140","1699419497744","main.py","1.1.5 for 2021-2022 @t1",,"-",,,,,
"File.Edit","-","","140","1699419497968","main.py","1.1.5 for 2021-2022 @t1","Insert",,,,,,
"X-Keystroke","-",,"141","1699419497969","main.py","1.1.5 for 2021-2022 @t1",,"-",,,,,
"File.Edit","-","","141","1699419498327","main.py","1.1.5 for 2021-2022 @t1","Insert",,,,,,
"X-Keystroke","-",,"142","1699419498328","main.py","1.1.5 for 2021-2022 @t1",,"-",,,,,
"X-Keystroke","-",,"140","1699419497744","main.py","1.1.5 for 2021-2022 @t1",,"-",,,,,
"X-Keystroke","-",,"141","1699419497969","main.py","1.1.5 for 2021-2022 @t1",,"-",,,,,
"X-Keystroke","-",,"142","1699419498328","main.py","1.1.5 for 2021-2022 @t1",,"-",,,,,
"X-Keystroke"," ",,"143","1699419501810","main.py","1.1.5 for 2021-2022 @t1",," ",,,,,
"X-Keystroke"," ",,"144","1699419502207","main.py","1.1.5 for 2021-2022 @t1",," ",,,,,
"File.Edit"," ","","144","1699419501808","main.py","1.1.5 for 2021-2022 @t1","Insert",,,,,,
"X-Keystroke"," ",,"143","1699419501810","main.py","1.1.5 for 2021-2022 @t1",," ",,,,,
"File.Edit"," ","","145","1699419502206","main.py","1.1.5 for 2021-2022 @t1","Insert",,,,,,
"X-Keystroke"," ",,"144","1699419502207","main.py","1.1.5 for 2021-2022 @t1",," ",,,,,
"X-Keystroke"," ",,"143","1699419501810","main.py","1.1.5 for 2021-2022 @t1",," ",,,,,
"X-Keystroke"," ",,"144","1699419502207","main.py","1.1.5 for 2021-2022 @t1",," ",,,,,
"X-Keystroke","|",,"145","1699419505210","main.py","1.1.5 for 2021-2022 @t1",,"|",,,,,
"X-Keystroke"," ",,"146","1699419505651","main.py","1.1.5 for 2021-2022 @t1",," ",,,,,
"X-Keystroke"," ",,"147","1699419505831","main.py","1.1.5 for 2021-2022 @t1",," ",,,,,
"X-Keystroke"," ",,"148","1699419506020","main.py","1.1.5 for 2021-2022 @t1",," ",,,,,
"X-Keystroke","|",,"149","1699419506491","main.py","1.1.5 for 2021-2022 @t1",,"|",,,,,
"X-Keystroke"," ",,"150","1699419507109","main.py","1.1.5 for 2021-2022 @t1",," ",,,,,
"X-Keystroke","|",,"151","1699419507604","main.py","1.1.5 for 2021-2022 @t1",,"|",,,,,
"File.Edit","|","","144","1699419505208","main.py","1.1.5 for 2021-2022 @t1","Insert",,,,,,
"X-Keystroke","|",,"145","1699419505210","main.py","1.1.5 for 2021-2022 @t1",,"|",,,,,
"File.Edit"," ","","147","1699419505650","main.py","1.1.5 for 2021-2022 @t1","Insert",,,,,,
"X-Keystroke"," ",,"146","1699419505651","main.py","1.1.5 for 2021-2022 @t1",," ",,,,,
"File.Edit"," ","","148","1699419505830","main.py","1.1.5 for 2021-2022 @t1","Insert",,,,,,
"X-Keystroke"," ",,"147","1699419505831","main.py","1.1.5 for 2021-2022 @t1",," ",,,,,
"File.Edit"," ","","149","1699419506019","main.py","1.1.5 for 2021-2022 @t1","Insert",,,,,,
"X-Keystroke"," ",,"148","1699419506020","main.py","1.1.5 for 2021-2022 @t1",," ",,,,,
"File.Edit","|","","148","1699419506490","main.py","1.1.5 for 2021-2022 @t1","Insert",,,,,,
"X-Keystroke","|",,"149","1699419506491","main.py","1.1.5 for 2021-2022 @t1",,"|",,,,,
"File.Edit"," ","","151","1699419507108","main.py","1.1.5 for 2021-2022 @t1","Insert",,,,,,
"X-Keystroke"," ",,"150","1699419507109","main.py","1.1.5 for 2021-2022 @t1",," ",,,,,
"File.Edit","|","","150","1699419507604","main.py","1.1.5 for 2021-2022 @t1","Insert",,,,,,
"X-Keystroke","|",,"151","1699419507605","main.py","1.1.5 for 2021-2022 @t1",,"|",,,,,
"X-Keystroke","|",,"145","1699419505210","main.py","1.1.5 for 2021-2022 @t1",,"|",,,,,
"X-Keystroke"," ",,"146","1699419505651","main.py","1.1.5 for 2021-2022 @t1",," ",,,,,
"X-Keystroke"," ",,"147","1699419505831","main.py","1.1.5 for 2021-2022 @t1",," ",,,,,
"X-Keystroke"," ",,"148","1699419506020","main.py","1.1.5 for 2021-2022 @t1",," ",,,,,
"X-Keystroke","|",,"149","1699419506491","main.py","1.1.5 for 2021-2022 @t1",,"|",,,,,
"X-Keystroke"," ",,"150","1699419507109","main.py","1.1.5 for 2021-2022 @t1",," ",,,,,
"X-Keystroke","|",,"151","1699419507605","main.py","1.1.5 for 2021-2022 @t1",,"|",,,,,
"File.Edit","-","","151","1699419512599","main.py","1.1.5 for 2021-2022 @t1","Insert",,,,,,
"X-Keystroke","-",,"152","1699419512601","main.py","1.1.5 for 2021-2022 @t1",,"-",,,,,
"File.Edit","-","","152","1699419512770","main.py","1.1.5 for 2021-2022 @t1","Insert",,,,,,
"X-Keystroke","-",,"153","1699419512772","main.py","1.1.5 for 2021-2022 @t1",,"-",,,,,
"File.Edit","-","","153","1699419512953","main.py","1.1.5 for 2021-2022 @t1","Insert",,,,,,
"X-Keystroke","-",,"154","1699419512954","main.py","1.1.5 for 2021-2022 @t1",,"-",,,,,
"File.Edit","-","","154","1699419513276","main.py","1.1.5 for 2021-2022 @t1","Insert",,,,,,
"X-Keystroke","-",,"155","1699419513277","main.py","1.1.5 for 2021-2022 @t1",,"-",,,,,
"X-Action","Backspace",,,"1699419514119","main.py","1.1.5 for 2021-2022 @t1",,"Backspace",,,,,
"File.Edit","","-","154","1699419514121","main.py","1.1.5 for 2021-2022 @t1","Delete",,,,,,
"X-Keystroke","-",,"152","1699419512601","main.py","1.1.5 for 2021-2022 @t1",,"-",,,,,
"X-Keystroke","-",,"153","1699419512772","main.py","1.1.5 for 2021-2022 @t1",,"-",,,,,
"X-Keystroke","-",,"154","1699419512954","main.py","1.1.5 for 2021-2022 @t1",,"-",,,,,
"X-Keystroke","-",,"155","1699419513277","main.py","1.1.5 for 2021-2022 @t1",,"-",,,,,
"X-Keystroke","-",,"152","1699419512601","main.py","1.1.5 for 2021-2022 @t1",,"-",,,,,
"X-Keystroke","-",,"153","1699419512772","main.py","1.1.5 for 2021-2022 @t1",,"-",,,,,
"X-Keystroke","-",,"154","1699419512954","main.py","1.1.5 for 2021-2022 @t1",,"-",,,,,
"X-Keystroke","-",,"155","1699419513277","main.py","1.1.5 for 2021-2022 @t1",,"-",,,,,
"X-Action","Backspace",,,"1699419516793","main.py","1.1.5 for 2021-2022 @t1",,"Backspace",,,,,
"File.Edit","","_","109","1699419516797","main.py","1.1.5 for 2021-2022 @t1","Delete",,,,,,
"X-Action","Backspace",,,"1699419516987","main.py","1.1.5 for 2021-2022 @t1",,"Backspace",,,,,
"File.Edit","","_","108","1699419516989","main.py","1.1.5 for 2021-2022 @t1","Delete",,,,,,
"X-Action","Backspace",,,"1699419517162","main.py","1.1.5 for 2021-2022 @t1",,"Backspace",,,,,
"File.Edit","","_","107","1699419517164","main.py","1.1.5 for 2021-2022 @t1","Delete",,,,,,
"File.Edit"," ","","107","1699419518577","main.py","1.1.5 for 2021-2022 @t1","Insert",,,,,,
"X-Keystroke"," ",,"108","1699419518578","main.py","1.1.5 for 2021-2022 @t1",," ",,,,,
"File.Edit"," ","","107","1699419518775","main.py","1.1.5 for 2021-2022 @t1","Insert",,,,,,
"X-Keystroke"," ",,"109","1699419518776","main.py","1.1.5 for 2021-2022 @t1",," ",,,,,
"File.Edit"," ","","109","1699419519084","main.py","1.1.5 for 2021-2022 @t1","Insert",,,,,,
"X-Keystroke"," ",,"110","1699419519085","main.py","1.1.5 for 2021-2022 @t1",," ",,,,,
"X-Keystroke"," ",,"108","1699419518578","main.py","1.1.5 for 2021-2022 @t1",," ",,,,,
"X-Keystroke"," ",,"109","1699419518776","main.py","1.1.5 for 2021-2022 @t1",," ",,,,,
"X-Keystroke"," ",,"110","1699419519085","main.py","1.1.5 for 2021-2022 @t1",," ",,,,,
"X-Keystroke"," ",,"108","1699419518578","main.py","1.1.5 for 2021-2022 @t1",," ",,,,,
"X-Keystroke"," ",,"109","1699419518776","main.py","1.1.5 for 2021-2022 @t1",," ",,,,,
"X-Keystroke"," ",,"110","1699419519085","main.py","1.1.5 for 2021-2022 @t1",," ",,,,,
"X-Action","Backspace",,,"1699419522600","main.py","1.1.5 for 2021-2022 @t1",,"Backspace",,,,,
"File.Edit",""," ","154","1699419522603","main.py","1.1.5 for 2021-2022 @t1","Delete",,,,,,
"X-Action","Backspace",,,"1699419523243","main.py","1.1.5 for 2021-2022 @t1",,"Backspace",,,,,
"File.Edit",""," ","154","1699419523245","main.py","1.1.5 for 2021-2022 @t1","Delete",,,,,,
"X-Action","Enter",,,"1699419525395","main.py","1.1.5 for 2021-2022 @t1",,"Enter",,,,,
"File.Edit","
","","156","1699419525398","main.py","1.1.5 for 2021-2022 @t1","Insert",,,,,,
"File.Edit","p","","157","1699419526624","main.py","1.1.5 for 2021-2022 @t1","Insert",,,,,,
"X-Keystroke","p",,"158","1699419526625","main.py","1.1.5 for 2021-2022 @t1",,"p",,,,,
"File.Edit","r","","158","1699419526815","main.py","1.1.5 for 2021-2022 @t1","Insert",,,,,,
"X-Keystroke","r",,"159","1699419526827","main.py","1.1.5 for 2021-2022 @t1",,"r",,,,,
"File.Edit","i","","159","1699419526926","main.py","1.1.5 for 2021-2022 @t1","Insert",,,,,,
"X-Keystroke","i",,"160","1699419526938","main.py","1.1.5 for 2021-2022 @t1",,"i",,,,,
"File.Edit","n","","160","1699419527091","main.py","1.1.5 for 2021-2022 @t1","Insert",,,,,,
"X-Keystroke","n",,"161","1699419527098","main.py","1.1.5 for 2021-2022 @t1",,"n",,,,,
"File.Edit","t","","161","1699419527179","main.py","1.1.5 for 2021-2022 @t1","Insert",,,,,,
"X-Keystroke","t",,"162","1699419527187","main.py","1.1.5 for 2021-2022 @t1",,"t",,,,,
"X-Action","Choose Lookup Item",,,"1699419528284","main.py","1.1.5 for 2021-2022 @t1",,"Choose Lookup Item",,,,,
"File.Edit","(","","162","1699419528295","main.py","1.1.5 for 2021-2022 @t1","Insert",,,,,,
"File.Edit",")","","163","1699419528296","main.py","1.1.5 for 2021-2022 @t1","Insert",,,,,,
"File.Edit","""","","163","1699419528915","main.py","1.1.5 for 2021-2022 @t1","Insert",,,,,,
"File.Edit","""","","164","1699419528916","main.py","1.1.5 for 2021-2022 @t1","Insert",,,,,,
"X-Keystroke","""",,"164","1699419528916","main.py","1.1.5 for 2021-2022 @t1",,"""",,,,,
"X-Keystroke","p",,"158","1699419526625","main.py","1.1.5 for 2021-2022 @t1",,"p",,,,,
"X-Keystroke","r",,"159","1699419526827","main.py","1.1.5 for 2021-2022 @t1",,"r",,,,,
"X-Keystroke","i",,"160","1699419526938","main.py","1.1.5 for 2021-2022 @t1",,"i",,,,,
"X-Keystroke","n",,"161","1699419527098","main.py","1.1.5 for 2021-2022 @t1",,"n",,,,,
"X-Keystroke","t",,"162","1699419527187","main.py","1.1.5 for 2021-2022 @t1",,"t",,,,,
"X-Keystroke","""",,"164","1699419528916","main.py","1.1.5 for 2021-2022 @t1",,"""",,,,,
"X-Keystroke","p",,"158","1699419526625","main.py","1.1.5 for 2021-2022 @t1",,"p",,,,,
"X-Keystroke","r",,"159","1699419526827","main.py","1.1.5 for 2021-2022 @t1",,"r",,,,,
"X-Keystroke","i",,"160","1699419526938","main.py","1.1.5 for 2021-2022 @t1",,"i",,,,,
"X-Keystroke","n",,"161","1699419527098","main.py","1.1.5 for 2021-2022 @t1",,"n",,,,,
"X-Keystroke","t",,"162","1699419527187","main.py","1.1.5 for 2021-2022 @t1",,"t",,,,,
"X-Keystroke","""",,"164","1699419528916","main.py","1.1.5 for 2021-2022 @t1",,"""",,,,,
"X-Keystroke","|",,"165","1699419530190","main.py","1.1.5 for 2021-2022 @t1",,"|",,,,,
"X-Keystroke"," ",,"166","1699419530478","main.py","1.1.5 for 2021-2022 @t1",," ",,,,,
"X-Keystroke"," ",,"167","1699419530697","main.py","1.1.5 for 2021-2022 @t1",," ",,,,,
"X-Keystroke"," ",,"168","1699419530896","main.py","1.1.5 for 2021-2022 @t1",," ",,,,,
"X-Keystroke","|",,"169","1699419531342","main.py","1.1.5 for 2021-2022 @t1",,"|",,,,,
"X-Keystroke"," ",,"170","1699419531611","main.py","1.1.5 for 2021-2022 @t1",," ",,,,,
"File.Edit","|","","164","1699419530188","main.py","1.1.5 for 2021-2022 @t1","Insert",,,,,,
"X-Keystroke","|",,"165","1699419530190","main.py","1.1.5 for 2021-2022 @t1",,"|",,,,,
"File.Edit"," ","","165","1699419530477","main.py","1.1.5 for 2021-2022 @t1","Insert",,,,,,
"X-Keystroke"," ",,"166","1699419530478","main.py","1.1.5 for 2021-2022 @t1",," ",,,,,
"File.Edit"," ","","165","1699419530696","main.py","1.1.5 for 2021-2022 @t1","Insert",,,,,,
"X-Keystroke"," ",,"167","1699419530697","main.py","1.1.5 for 2021-2022 @t1",," ",,,,,
"File.Edit"," ","","167","1699419530896","main.py","1.1.5 for 2021-2022 @t1","Insert",,,,,,
"X-Keystroke"," ",,"168","1699419530896","main.py","1.1.5 for 2021-2022 @t1",," ",,,,,
"File.Edit","|","","168","1699419531341","main.py","1.1.5 for 2021-2022 @t1","Insert",,,,,,
"X-Keystroke","|",,"169","1699419531342","main.py","1.1.5 for 2021-2022 @t1",,"|",,,,,
"File.Edit"," ","","169","1699419531610","main.py","1.1.5 for 2021-2022 @t1","Insert",,,,,,
"X-Keystroke"," ",,"170","1699419531611","main.py","1.1.5 for 2021-2022 @t1",," ",,,,,
"X-Keystroke","|",,"165","1699419530190","main.py","1.1.5 for 2021-2022 @t1",,"|",,,,,
"X-Keystroke"," ",,"166","1699419530478","main.py","1.1.5 for 2021-2022 @t1",," ",,,,,
"X-Keystroke"," ",,"167","1699419530697","main.py","1.1.5 for 2021-2022 @t1",," ",,,,,
"X-Keystroke"," ",,"168","1699419530896","main.py","1.1.5 for 2021-2022 @t1",," ",,,,,
"X-Keystroke","|",,"169","1699419531342","main.py","1.1.5 for 2021-2022 @t1",,"|",,,,,
"X-Keystroke"," ",,"170","1699419531611","main.py","1.1.5 for 2021-2022 @t1",," ",,,,,
"X-Keystroke","|",,"171","1699419534917","main.py","1.1.5 for 2021-2022 @t1",,"|",,,,,
"X-Keystroke","_",,"172","1699419536508","main.py","1.1.5 for 2021-2022 @t1",,"_",,,,,
"X-Keystroke","_",,"173","1699419536673","main.py","1.1.5 for 2021-2022 @t1",,"_",,,,,
"X-Keystroke","_",,"174","1699419536851","main.py","1.1.5 for 2021-2022 @t1",,"_",,,,,
"X-Keystroke","_",,"175","1699419537274","main.py","1.1.5 for 2021-2022 @t1",,"_",,,,,
"X-Keystroke","|",,"171","1699419534918","main.py","1.1.5 for 2021-2022 @t1",,"|",,,,,
"X-Keystroke","_",,"172","1699419536508","main.py","1.1.5 for 2021-2022 @t1",,"_",,,,,
"X-Keystroke","_",,"173","1699419536673","main.py","1.1.5 for 2021-2022 @t1",,"_",,,,,
"X-Keystroke","_",,"174","1699419536851","main.py","1.1.5 for 2021-2022 @t1",,"_",,,,,
"X-Keystroke","_",,"175","1699419537274","main.py","1.1.5 for 2021-2022 @t1",,"_",,,,,
"File.Edit","|","","170","1699419534916","main.py","1.1.5 for 2021-2022 @t1","Insert",,,,,,
"X-Keystroke","|",,"171","1699419534918","main.py","1.1.5 for 2021-2022 @t1",,"|",,,,,
"File.Edit","_","","171","1699419536506","main.py","1.1.5 for 2021-2022 @t1","Insert",,,,,,
"X-Keystroke","_",,"172","1699419536508","main.py","1.1.5 for 2021-2022 @t1",,"_",,,,,
"File.Edit","_","","172","1699419536672","main.py","1.1.5 for 2021-2022 @t1","Insert",,,,,,
"X-Keystroke","_",,"173","1699419536673","main.py","1.1.5 for 2021-2022 @t1",,"_",,,,,
"File.Edit","_","","173","1699419536850","main.py","1.1.5 for 2021-2022 @t1","Insert",,,,,,
"X-Keystroke","_",,"174","1699419536851","main.py","1.1.5 for 2021-2022 @t1",,"_",,,,,
"File.Edit","_","","174","1699419537273","main.py","1.1.5 for 2021-2022 @t1","Insert",,,,,,
"X-Keystroke","_",,"175","1699419537274","main.py","1.1.5 for 2021-2022 @t1",,"_",,,,,
"X-Action","Backspace",,,"1699419538105","main.py","1.1.5 for 2021-2022 @t1",,"Backspace",,,,,
"File.Edit","","_","174","1699419538107","main.py","1.1.5 for 2021-2022 @t1","Delete",,,,,,
"File.Edit","|","","174","1699419538480","main.py","1.1.5 for 2021-2022 @t1","Insert",,,,,,
"X-Keystroke","|",,"175","1699419538481","main.py","1.1.5 for 2021-2022 @t1",,"|",,,,,
"File.Edit"," ","","175","1699419538953","main.py","1.1.5 for 2021-2022 @t1","Insert",,,,,,
"X-Keystroke"," ",,"176","1699419538954","main.py","1.1.5 for 2021-2022 @t1",," ",,,,,
"File.Edit","|","","176","1699419539380","main.py","1.1.5 for 2021-2022 @t1","Insert",,,,,,
"X-Keystroke","|",,"177","1699419539381","main.py","1.1.5 for 2021-2022 @t1",,"|",,,,,
"File.Edit","_","","177","1699419540090","main.py","1.1.5 for 2021-2022 @t1","Insert",,,,,,
"X-Keystroke","_",,"178","1699419540091","main.py","1.1.5 for 2021-2022 @t1",,"_",,,,,
"File.Edit","_","","178","1699419540260","main.py","1.1.5 for 2021-2022 @t1","Insert",,,,,,
"X-Keystroke","_",,"179","1699419540261","main.py","1.1.5 for 2021-2022 @t1",,"_",,,,,
"File.Edit","_","","179","1699419540444","main.py","1.1.5 for 2021-2022 @t1","Insert",,,,,,
"X-Keystroke","_",,"180","1699419540445","main.py","1.1.5 for 2021-2022 @t1",,"_",,,,,
"X-Keystroke","|",,"175","1699419538481","main.py","1.1.5 for 2021-2022 @t1",,"|",,,,,
"X-Keystroke"," ",,"176","1699419538954","main.py","1.1.5 for 2021-2022 @t1",," ",,,,,
"X-Keystroke","|",,"177","1699419539381","main.py","1.1.5 for 2021-2022 @t1",,"|",,,,,
"X-Keystroke","_",,"178","1699419540091","main.py","1.1.5 for 2021-2022 @t1",,"_",,,,,
"X-Keystroke","_",,"179","1699419540261","main.py","1.1.5 for 2021-2022 @t1",,"_",,,,,
"X-Keystroke","_",,"180","1699419540445","main.py","1.1.5 for 2021-2022 @t1",,"_",,,,,
"X-Keystroke","|",,"181","1699419541405","main.py","1.1.5 for 2021-2022 @t1",,"|",,,,,
"X-Keystroke","|",,"175","1699419538481","main.py","1.1.5 for 2021-2022 @t1",,"|",,,,,
"X-Keystroke"," ",,"176","1699419538954","main.py","1.1.5 for 2021-2022 @t1",," ",,,,,
"X-Keystroke","|",,"177","1699419539381","main.py","1.1.5 for 2021-2022 @t1",,"|",,,,,
"X-Keystroke","_",,"178","1699419540091","main.py","1.1.5 for 2021-2022 @t1",,"_",,,,,
"X-Keystroke","_",,"179","1699419540261","main.py","1.1.5 for 2021-2022 @t1",,"_",,,,,
"X-Keystroke","_",,"180","1699419540445","main.py","1.1.5 for 2021-2022 @t1",,"_",,,,,
"X-Keystroke","|",,"181","1699419541405","main.py","1.1.5 for 2021-2022 @t1",,"|",,,,,
"File.Edit","|","","180","1699419541403","main.py","1.1.5 for 2021-2022 @t1","Insert",,,,,,
"X-Keystroke","|",,"181","1699419541405","main.py","1.1.5 for 2021-2022 @t1",,"|",,,,,
"File.Edit"," ","","181","1699419542693","main.py","1.1.5 for 2021-2022 @t1","Insert",,,,,,
"X-Keystroke"," ",,"182","1699419542695","main.py","1.1.5 for 2021-2022 @t1",," ",,,,,
"File.Edit","|","","182","1699419543908","main.py","1.1.5 for 2021-2022 @t1","Insert",,,,,,
"X-Keystroke","|",,"183","1699419543910","main.py","1.1.5 for 2021-2022 @t1",,"|",,,,,
"X-Keystroke"," ",,"182","1699419542695","main.py","1.1.5 for 2021-2022 @t1",," ",,,,,
"X-Keystroke","|",,"183","1699419543910","main.py","1.1.5 for 2021-2022 @t1",,"|",,,,,
"X-Keystroke"," ",,"184","1699419544796","main.py","1.1.5 for 2021-2022 @t1",," ",,,,,
"X-Keystroke"," ",,"185","1699419544980","main.py","1.1.5 for 2021-2022 @t1",," ",,,,,
"X-Keystroke"," ",,"186","1699419545204","main.py","1.1.5 for 2021-2022 @t1",," ",,,,,
"X-Keystroke"," ",,"187","1699419545496","main.py","1.1.5 for 2021-2022 @t1",," ",,,,,
"X-Keystroke"," ",,"182","1699419542695","main.py","1.1.5 for 2021-2022 @t1",," ",,,,,
"X-Keystroke","|",,"183","1699419543910","main.py","1.1.5 for 2021-2022 @t1",,"|",,,,,
"X-Keystroke"," ",,"184","1699419544796","main.py","1.1.5 for 2021-2022 @t1",," ",,,,,
"X-Keystroke"," ",,"185","1699419544980","main.py","1.1.5 for 2021-2022 @t1",," ",,,,,
"X-Keystroke"," ",,"186","1699419545204","main.py","1.1.5 for 2021-2022 @t1",," ",,,,,
"X-Keystroke"," ",,"187","1699419545496","main.py","1.1.5 for 2021-2022 @t1",," ",,,,,
"File.Edit"," ","","183","1699419544794","main.py","1.1.5 for 2021-2022 @t1","Insert",,,,,,
"X-Keystroke"," ",,"184","1699419544796","main.py","1.1.5 for 2021-2022 @t1",," ",,,,,
"File.Edit"," ","","183","1699419544978","main.py","1.1.5 for 2021-2022 @t1","Insert",,,,,,
"X-Keystroke"," ",,"185","1699419544980","main.py","1.1.5 for 2021-2022 @t1",," ",,,,,
"File.Edit"," ","","185","1699419545202","main.py","1.1.5 for 2021-2022 @t1","Insert",,,,,,
"X-Keystroke"," ",,"186","1699419545204","main.py","1.1.5 for 2021-2022 @t1",," ",,,,,
"File.Edit"," ","","186","1699419545495","main.py","1.1.5 for 2021-2022 @t1","Insert",,,,,,
"X-Keystroke"," ",,"187","1699419545496","main.py","1.1.5 for 2021-2022 @t1",," ",,,,,
"File.Edit"," ","","187","1699419545784","main.py","1.1.5 for 2021-2022 @t1","Insert",,,,,,
"X-Keystroke"," ",,"188","1699419545785","main.py","1.1.5 for 2021-2022 @t1",," ",,,,,
"File.Edit"," ","","188","1699419546182","main.py","1.1.5 for 2021-2022 @t1","Insert",,,,,,
"X-Keystroke"," ",,"189","1699419546183","main.py","1.1.5 for 2021-2022 @t1",," ",,,,,
"X-Action","Backspace",,,"1699419547008","main.py","1.1.5 for 2021-2022 @t1",,"Backspace",,,,,
"File.Edit",""," ","188","1699419547010","main.py","1.1.5 for 2021-2022 @t1","Delete",,,,,,
"File.Edit","|","","188","1699419547358","main.py","1.1.5 for 2021-2022 @t1","Insert",,,,,,
"X-Keystroke","|",,"189","1699419547359","main.py","1.1.5 for 2021-2022 @t1",,"|",,,,,
"X-Keystroke"," ",,"188","1699419545785","main.py","1.1.5 for 2021-2022 @t1",," ",,,,,
"X-Keystroke"," ",,"189","1699419546183","main.py","1.1.5 for 2021-2022 @t1",," ",,,,,
"X-Keystroke","|",,"189","1699419547359","main.py","1.1.5 for 2021-2022 @t1",,"|",,,,,
"X-Keystroke","_",,"190","1699419548085","main.py","1.1.5 for 2021-2022 @t1",,"_",,,,,
"X-Keystroke","_",,"191","1699419548321","main.py","1.1.5 for 2021-2022 @t1",,"_",,,,,
"X-Keystroke","_",,"192","1699419548756","main.py","1.1.5 for 2021-2022 @t1",,"_",,,,,
"X-Keystroke"," ",,"188","1699419545785","main.py","1.1.5 for 2021-2022 @t1",," ",,,,,
"X-Keystroke"," ",,"189","1699419546183","main.py","1.1.5 for 2021-2022 @t1",," ",,,,,
"X-Keystroke","|",,"189","1699419547359","main.py","1.1.5 for 2021-2022 @t1",,"|",,,,,
"X-Keystroke","_",,"190","1699419548085","main.py","1.1.5 for 2021-2022 @t1",,"_",,,,,
"X-Keystroke","_",,"191","1699419548321","main.py","1.1.5 for 2021-2022 @t1",,"_",,,,,
"X-Keystroke","_",,"192","1699419548756","main.py","1.1.5 for 2021-2022 @t1",,"_",,,,,
"File.Edit","_","","189","1699419548085","main.py","1.1.5 for 2021-2022 @t1","Insert",,,,,,
"X-Keystroke","_",,"190","1699419548086","main.py","1.1.5 for 2021-2022 @t1",,"_",,,,,
"File.Edit","_","","190","1699419548320","main.py","1.1.5 for 2021-2022 @t1","Insert",,,,,,
"X-Keystroke","_",,"191","1699419548321","main.py","1.1.5 for 2021-2022 @t1",,"_",,,,,
"File.Edit","_","","191","1699419548755","main.py","1.1.5 for 2021-2022 @t1","Insert",,,,,,
"X-Keystroke","_",,"192","1699419548756","main.py","1.1.5 for 2021-2022 @t1",,"_",,,,,
"File.Edit","|","","192","1699419550073","main.py","1.1.5 for 2021-2022 @t1","Insert",,,,,,
"X-Keystroke","|",,"193","1699419550074","main.py","1.1.5 for 2021-2022 @t1",,"|",,,,,
"File.Edit"," ","","193","1699419550814","main.py","1.1.5 for 2021-2022 @t1","Insert",,,,,,
"X-Keystroke"," ",,"194","1699419550815","main.py","1.1.5 for 2021-2022 @t1",," ",,,,,
"X-Keystroke","|",,"193","1699419550074","main.py","1.1.5 for 2021-2022 @t1",,"|",,,,,
"X-Keystroke"," ",,"194","1699419550815","main.py","1.1.5 for 2021-2022 @t1",," ",,,,,
"X-Keystroke","|",,"193","1699419550074","main.py","1.1.5 for 2021-2022 @t1",,"|",,,,,
"X-Keystroke"," ",,"194","1699419550815","main.py","1.1.5 for 2021-2022 @t1",," ",,,,,
"File.Edit","|","","194","1699419556217","main.py","1.1.5 for 2021-2022 @t1","Insert",,,,,,
"X-Keystroke","|",,"195","1699419556219","main.py","1.1.5 for 2021-2022 @t1",,"|",,,,,
"File.Edit","_","","195","1699419558638","main.py","1.1.5 for 2021-2022 @t1","Insert",,,,,,
"X-Keystroke","_",,"196","1699419558640","main.py","1.1.5 for 2021-2022 @t1",,"_",,,,,
"File.Edit","_","","196","1699419558798","main.py","1.1.5 for 2021-2022 @t1","Insert",,,,,,
"X-Keystroke","_",,"197","1699419558799","main.py","1.1.5 for 2021-2022 @t1",,"_",,,,,
"File.Edit","_","","197","1699419558967","main.py","1.1.5 for 2021-2022 @t1","Insert",,,,,,
"X-Keystroke","_",,"198","1699419558967","main.py","1.1.5 for 2021-2022 @t1",,"_",,,,,
"X-Keystroke","|",,"195","1699419556219","main.py","1.1.5 for 2021-2022 @t1",,"|",,,,,
"X-Keystroke","_",,"196","1699419558639","main.py","1.1.5 for 2021-2022 @t1",,"_",,,,,
"X-Keystroke","_",,"197","1699419558799","main.py","1.1.5 for 2021-2022 @t1",,"_",,,,,
"X-Keystroke","_",,"198","1699419558967","main.py","1.1.5 for 2021-2022 @t1",,"_",,,,,
"X-Keystroke","|",,"195","1699419556219","main.py","1.1.5 for 2021-2022 @t1",,"|",,,,,
"X-Keystroke","_",,"196","1699419558639","main.py","1.1.5 for 2021-2022 @t1",,"_",,,,,
"X-Keystroke","_",,"197","1699419558799","main.py","1.1.5 for 2021-2022 @t1",,"_",,,,,
"X-Keystroke","_",,"198","1699419558967","main.py","1.1.5 for 2021-2022 @t1",,"_",,,,,
